[INFO ] 2020-06-04 11:48:57.921 [restartedMain] ScaAuditServiceApplication - The following profiles are active: local
[INFO ] 2020-06-04 11:48:58.983 [restartedMain] RepositoryConfigurationDelegate - Bootstrapping Spring Data repositories in DEFAULT mode.
[INFO ] 2020-06-04 11:48:59.083 [restartedMain] RepositoryConfigurationDelegate - Finished Spring Data repository scanning in 92ms. Found 7 repository interfaces.
[WARN ] 2020-06-04 11:48:59.616 [restartedMain] EndpointId - Endpoint ID 'service-registry' contains invalid characters, please migrate to a valid format.
[INFO ] 2020-06-04 11:48:59.815 [restartedMain] GenericScope - BeanFactory id=3d257824-9c08-368e-93ab-3c9815e1fdb9
[INFO ] 2020-06-04 11:48:59.837 [restartedMain] PostProcessorRegistrationDelegate$BeanPostProcessorChecker - Bean 'scaAuditServiceApplication' of type [com.sca.auditservice.ScaAuditServiceApplication$$EnhancerBySpringCGLIB$$8f8857a0] is not eligible for getting processed by all BeanPostProcessors (for example: not eligible for auto-proxying)
[INFO ] 2020-06-04 11:48:59.838 [restartedMain] PostProcessorRegistrationDelegate$BeanPostProcessorChecker - Bean 'com.sca.auditservice.ScaAuditServiceApplication$TaskExecutorConfig' of type [com.sca.auditservice.ScaAuditServiceApplication$TaskExecutorConfig$$EnhancerBySpringCGLIB$$cd480640] is not eligible for getting processed by all BeanPostProcessors (for example: not eligible for auto-proxying)
[INFO ] 2020-06-04 11:48:59.940 [restartedMain] PostProcessorRegistrationDelegate$BeanPostProcessorChecker - Bean 'org.springframework.transaction.annotation.ProxyTransactionManagementConfiguration' of type [org.springframework.transaction.annotation.ProxyTransactionManagementConfiguration$$EnhancerBySpringCGLIB$$2cd19fcc] is not eligible for getting processed by all BeanPostProcessors (for example: not eligible for auto-proxying)
[INFO ] 2020-06-04 11:49:00.057 [restartedMain] PostProcessorRegistrationDelegate$BeanPostProcessorChecker - Bean 'org.springframework.cloud.autoconfigure.ConfigurationPropertiesRebinderAutoConfiguration' of type [org.springframework.cloud.autoconfigure.ConfigurationPropertiesRebinderAutoConfiguration$$EnhancerBySpringCGLIB$$48eba2c9] is not eligible for getting processed by all BeanPostProcessors (for example: not eligible for auto-proxying)
[INFO ] 2020-06-04 11:49:00.564 [restartedMain] TomcatWebServer - Tomcat initialized with port(s): 8043 (http)
[INFO ] 2020-06-04 11:49:00.581 [restartedMain] Http11NioProtocol - Initializing ProtocolHandler ["http-nio-8043"]
[INFO ] 2020-06-04 11:49:00.592 [restartedMain] StandardService - Starting service [Tomcat]
[INFO ] 2020-06-04 11:49:00.592 [restartedMain] StandardEngine - Starting Servlet engine: [Apache Tomcat/9.0.22]
[INFO ] 2020-06-04 11:49:00.770 [restartedMain] [/] - Initializing Spring embedded WebApplicationContext
[INFO ] 2020-06-04 11:49:00.770 [restartedMain] ContextLoader - Root WebApplicationContext: initialization completed in 2818 ms
[WARN ] 2020-06-04 11:49:00.906 [restartedMain] URLConfigurationSource - No URLs will be polled as dynamic configuration sources.
[INFO ] 2020-06-04 11:49:00.906 [restartedMain] URLConfigurationSource - To enable URLs as dynamic configuration sources, define System property archaius.configurationSource.additionalUrls or make config.properties available on classpath.
[INFO ] 2020-06-04 11:49:00.919 [restartedMain] DynamicPropertyFactory - DynamicPropertyFactory is initialized with configuration sources: com.netflix.config.ConcurrentCompositeConfiguration@787c8fc5
[INFO ] 2020-06-04 11:49:02.345 [restartedMain] HikariDataSource - HikariPool-1 - Starting...
[INFO ] 2020-06-04 11:49:02.504 [restartedMain] HikariDataSource - HikariPool-1 - Start completed.
[INFO ] 2020-06-04 11:49:02.596 [restartedMain] LogHelper - HHH000204: Processing PersistenceUnitInfo [
	name: default
	...]
[INFO ] 2020-06-04 11:49:02.670 [restartedMain] Version - HHH000412: Hibernate Core {5.3.10.Final}
[INFO ] 2020-06-04 11:49:02.672 [restartedMain] Environment - HHH000206: hibernate.properties not found
[INFO ] 2020-06-04 11:49:02.939 [restartedMain] Version - HCANN000001: Hibernate Commons Annotations {5.0.4.Final}
[INFO ] 2020-06-04 11:49:03.127 [restartedMain] Dialect - HHH000400: Using dialect: org.hibernate.dialect.PostgreSQLDialect
[INFO ] 2020-06-04 11:49:03.342 [restartedMain] LobCreatorBuilderImpl - HHH000424: Disabling contextual LOB creation as createClob() method threw error : java.lang.reflect.InvocationTargetException
[INFO ] 2020-06-04 11:49:03.348 [restartedMain] BasicTypeRegistry - HHH000270: Type registration [java.util.UUID] overrides previous : org.hibernate.type.UUIDBinaryType@1ef47bf2
[INFO ] 2020-06-04 11:49:04.139 [restartedMain] LocalContainerEntityManagerFactoryBean - Initialized JPA EntityManagerFactory for persistence unit 'default'
[INFO ] 2020-06-04 11:49:04.850 [restartedMain] QueryTranslatorFactoryInitiator - HHH000397: Using ASTQueryTranslatorFactory
[WARN ] 2020-06-04 11:49:05.125 [restartedMain] JpaBaseConfiguration$JpaWebConfiguration$JpaWebMvcConfiguration - spring.jpa.open-in-view is enabled by default. Therefore, database queries may be performed during view rendering. Explicitly configure spring.jpa.open-in-view to disable this warning
[WARN ] 2020-06-04 11:49:05.432 [restartedMain] URLConfigurationSource - No URLs will be polled as dynamic configuration sources.
[INFO ] 2020-06-04 11:49:05.434 [restartedMain] URLConfigurationSource - To enable URLs as dynamic configuration sources, define System property archaius.configurationSource.additionalUrls or make config.properties available on classpath.
[WARN ] 2020-06-04 11:49:06.143 [restartedMain] OptionalLiveReloadServer - Unable to start LiveReload server
[INFO ] 2020-06-04 11:49:06.526 [restartedMain] EndpointLinksResolver - Exposing 2 endpoint(s) beneath base path '/actuator'
[INFO ] 2020-06-04 11:49:06.676 [restartedMain] InstanceInfoFactory - Setting initial instance status as: STARTING
[INFO ] 2020-06-04 11:49:06.706 [restartedMain] DiscoveryClient - Initializing Eureka in region us-east-1
[INFO ] 2020-06-04 11:49:06.842 [restartedMain] DiscoveryJerseyProvider - Using JSON encoding codec LegacyJacksonJson
[INFO ] 2020-06-04 11:49:06.843 [restartedMain] DiscoveryJerseyProvider - Using JSON decoding codec LegacyJacksonJson
[INFO ] 2020-06-04 11:49:06.970 [restartedMain] DiscoveryJerseyProvider - Using XML encoding codec XStreamXml
[INFO ] 2020-06-04 11:49:06.970 [restartedMain] DiscoveryJerseyProvider - Using XML decoding codec XStreamXml
[INFO ] 2020-06-04 11:49:07.147 [restartedMain] ConfigClusterResolver - Resolving eureka endpoints via configuration
[INFO ] 2020-06-04 11:49:07.325 [restartedMain] DiscoveryClient - Disable delta property : false
[INFO ] 2020-06-04 11:49:07.325 [restartedMain] DiscoveryClient - Single vip registry refresh property : null
[INFO ] 2020-06-04 11:49:07.325 [restartedMain] DiscoveryClient - Force full registry fetch : false
[INFO ] 2020-06-04 11:49:07.325 [restartedMain] DiscoveryClient - Application is null : false
[INFO ] 2020-06-04 11:49:07.325 [restartedMain] DiscoveryClient - Registered Applications size is zero : true
[INFO ] 2020-06-04 11:49:07.326 [restartedMain] DiscoveryClient - Application version is -1: true
[INFO ] 2020-06-04 11:49:07.326 [restartedMain] DiscoveryClient - Getting all instance registry info from the eureka server
[INFO ] 2020-06-04 11:49:07.416 [restartedMain] DiscoveryClient - The response status is 200
[INFO ] 2020-06-04 11:49:07.418 [restartedMain] DiscoveryClient - Starting heartbeat executor: renew interval is: 30
[INFO ] 2020-06-04 11:49:07.421 [restartedMain] InstanceInfoReplicator - InstanceInfoReplicator onDemand update allowed rate per min is 4
[INFO ] 2020-06-04 11:49:07.426 [restartedMain] DiscoveryClient - Discovery Client initialized at timestamp 1591251547424 with initial instances count: 0
[INFO ] 2020-06-04 11:49:07.436 [restartedMain] EurekaServiceRegistry - Registering application SCA_AUDIT_SERVICE with eureka with status UP
[INFO ] 2020-06-04 11:49:07.437 [restartedMain] DiscoveryClient - Saw local status change event StatusChangeEvent [timestamp=1591251547437, current=UP, previous=STARTING]
[INFO ] 2020-06-04 11:49:07.441 [DiscoveryClient-InstanceInfoReplicator-0] DiscoveryClient - DiscoveryClient_SCA_AUDIT_SERVICE/192.168.0.27:sca_audit_service:8043: registering service...
[INFO ] 2020-06-04 11:49:07.444 [restartedMain] CachingConnectionFactory - Attempting to connect to: [127.0.0.1:5672]
[INFO ] 2020-06-04 11:49:07.498 [DiscoveryClient-InstanceInfoReplicator-0] DiscoveryClient - DiscoveryClient_SCA_AUDIT_SERVICE/192.168.0.27:sca_audit_service:8043 - registration status: 204
[INFO ] 2020-06-04 11:49:07.552 [restartedMain] CachingConnectionFactory - Created new connection: rabbitConnectionFactory#21cbd95e:0/SimpleConnection@319bc95 [delegate=amqp://guest@127.0.0.1:5672/, localPort= 62598]
[INFO ] 2020-06-04 11:49:07.631 [restartedMain] Http11NioProtocol - Starting ProtocolHandler ["http-nio-8043"]
[INFO ] 2020-06-04 11:49:07.654 [restartedMain] TomcatWebServer - Tomcat started on port(s): 8043 (http) with context path ''
[INFO ] 2020-06-04 11:49:07.655 [restartedMain] EurekaAutoServiceRegistration - Updating port to 8043
[INFO ] 2020-06-04 11:49:07.657 [restartedMain] ScaAuditServiceApplication - Started ScaAuditServiceApplication in 11.023 seconds (JVM running for 12.359)
[INFO ] 2020-06-04 11:49:37.421 [DiscoveryClient-CacheRefreshExecutor-0] DiscoveryClient - Disable delta property : false
[INFO ] 2020-06-04 11:49:37.421 [DiscoveryClient-CacheRefreshExecutor-0] DiscoveryClient - Single vip registry refresh property : null
[INFO ] 2020-06-04 11:49:37.421 [DiscoveryClient-CacheRefreshExecutor-0] DiscoveryClient - Force full registry fetch : false
[INFO ] 2020-06-04 11:49:37.421 [DiscoveryClient-CacheRefreshExecutor-0] DiscoveryClient - Application is null : false
[INFO ] 2020-06-04 11:49:37.421 [DiscoveryClient-CacheRefreshExecutor-0] DiscoveryClient - Registered Applications size is zero : true
[INFO ] 2020-06-04 11:49:37.421 [DiscoveryClient-CacheRefreshExecutor-0] DiscoveryClient - Application version is -1: false
[INFO ] 2020-06-04 11:49:37.421 [DiscoveryClient-CacheRefreshExecutor-0] DiscoveryClient - Getting all instance registry info from the eureka server
[INFO ] 2020-06-04 11:49:37.476 [DiscoveryClient-CacheRefreshExecutor-0] DiscoveryClient - The response status is 200
[INFO ] 2020-06-04 11:50:24.964 [RMI TCP Connection(11)-127.0.0.1] SpringApplicationAdminMXBeanRegistrar$SpringApplicationAdmin - Application shutdown requested.
[INFO ] 2020-06-04 11:50:24.965 [RMI TCP Connection(11)-127.0.0.1] EurekaServiceRegistry - Unregistering application SCA_AUDIT_SERVICE with eureka with status DOWN
[WARN ] 2020-06-04 11:50:24.965 [RMI TCP Connection(11)-127.0.0.1] DiscoveryClient - Saw local status change event StatusChangeEvent [timestamp=1591251624965, current=DOWN, previous=UP]
[INFO ] 2020-06-04 11:50:24.972 [DiscoveryClient-InstanceInfoReplicator-0] DiscoveryClient - DiscoveryClient_SCA_AUDIT_SERVICE/192.168.0.27:sca_audit_service:8043: registering service...
[INFO ] 2020-06-04 11:50:24.979 [DiscoveryClient-InstanceInfoReplicator-0] DiscoveryClient - DiscoveryClient_SCA_AUDIT_SERVICE/192.168.0.27:sca_audit_service:8043 - registration status: 204
[INFO ] 2020-06-04 11:50:24.988 [RMI TCP Connection(11)-127.0.0.1] SimpleMessageListenerContainer - Waiting for workers to finish.
[INFO ] 2020-06-04 11:50:25.784 [RMI TCP Connection(11)-127.0.0.1] SimpleMessageListenerContainer - Successfully waited for workers to finish.
[INFO ] 2020-06-04 11:50:25.790 [RMI TCP Connection(11)-127.0.0.1] SimpleMessageListenerContainer - Shutdown ignored - container is not active already
[INFO ] 2020-06-04 11:50:25.793 [RMI TCP Connection(11)-127.0.0.1] LocalContainerEntityManagerFactoryBean - Closing JPA EntityManagerFactory for persistence unit 'default'
[INFO ] 2020-06-04 11:50:25.806 [RMI TCP Connection(11)-127.0.0.1] DiscoveryClient - Shutting down DiscoveryClient ...
[INFO ] 2020-06-04 11:50:28.808 [RMI TCP Connection(11)-127.0.0.1] DiscoveryClient - Unregistering ...
[INFO ] 2020-06-04 11:50:28.818 [RMI TCP Connection(11)-127.0.0.1] DiscoveryClient - DiscoveryClient_SCA_AUDIT_SERVICE/192.168.0.27:sca_audit_service:8043 - deregister  status: 200
[INFO ] 2020-06-04 11:50:28.829 [RMI TCP Connection(11)-127.0.0.1] DiscoveryClient - Completed shut down of DiscoveryClient
[INFO ] 2020-06-04 11:50:28.829 [RMI TCP Connection(11)-127.0.0.1] HikariDataSource - HikariPool-1 - Shutdown initiated...
[INFO ] 2020-06-04 11:50:28.836 [RMI TCP Connection(11)-127.0.0.1] HikariDataSource - HikariPool-1 - Shutdown completed.
[INFO ] 2020-06-04 11:50:28.839 [RMI TCP Connection(11)-127.0.0.1] Http11NioProtocol - Pausing ProtocolHandler ["http-nio-8043"]
[INFO ] 2020-06-04 11:50:28.979 [RMI TCP Connection(11)-127.0.0.1] StandardService - Stopping service [Tomcat]
[INFO ] 2020-06-04 11:50:28.986 [RMI TCP Connection(11)-127.0.0.1] Http11NioProtocol - Stopping ProtocolHandler ["http-nio-8043"]
[INFO ] 2020-06-04 11:50:28.988 [RMI TCP Connection(11)-127.0.0.1] Http11NioProtocol - Destroying ProtocolHandler ["http-nio-8043"]
[INFO ] 2020-06-04 12:19:16.840 [restartedMain] ScaAuditServiceApplication - The following profiles are active: local
[INFO ] 2020-06-04 12:19:17.774 [restartedMain] RepositoryConfigurationDelegate - Bootstrapping Spring Data repositories in DEFAULT mode.
[INFO ] 2020-06-04 12:19:17.866 [restartedMain] RepositoryConfigurationDelegate - Finished Spring Data repository scanning in 85ms. Found 7 repository interfaces.
[WARN ] 2020-06-04 12:19:18.279 [restartedMain] EndpointId - Endpoint ID 'service-registry' contains invalid characters, please migrate to a valid format.
[INFO ] 2020-06-04 12:19:18.470 [restartedMain] GenericScope - BeanFactory id=3d257824-9c08-368e-93ab-3c9815e1fdb9
[INFO ] 2020-06-04 12:19:18.494 [restartedMain] PostProcessorRegistrationDelegate$BeanPostProcessorChecker - Bean 'scaAuditServiceApplication' of type [com.sca.auditservice.ScaAuditServiceApplication$$EnhancerBySpringCGLIB$$a21126f1] is not eligible for getting processed by all BeanPostProcessors (for example: not eligible for auto-proxying)
[INFO ] 2020-06-04 12:19:18.495 [restartedMain] PostProcessorRegistrationDelegate$BeanPostProcessorChecker - Bean 'com.sca.auditservice.ScaAuditServiceApplication$TaskExecutorConfig' of type [com.sca.auditservice.ScaAuditServiceApplication$TaskExecutorConfig$$EnhancerBySpringCGLIB$$dfd0d591] is not eligible for getting processed by all BeanPostProcessors (for example: not eligible for auto-proxying)
[INFO ] 2020-06-04 12:19:18.598 [restartedMain] PostProcessorRegistrationDelegate$BeanPostProcessorChecker - Bean 'org.springframework.transaction.annotation.ProxyTransactionManagementConfiguration' of type [org.springframework.transaction.annotation.ProxyTransactionManagementConfiguration$$EnhancerBySpringCGLIB$$3f5a6f1d] is not eligible for getting processed by all BeanPostProcessors (for example: not eligible for auto-proxying)
[INFO ] 2020-06-04 12:19:18.744 [restartedMain] PostProcessorRegistrationDelegate$BeanPostProcessorChecker - Bean 'org.springframework.cloud.autoconfigure.ConfigurationPropertiesRebinderAutoConfiguration' of type [org.springframework.cloud.autoconfigure.ConfigurationPropertiesRebinderAutoConfiguration$$EnhancerBySpringCGLIB$$5b74721a] is not eligible for getting processed by all BeanPostProcessors (for example: not eligible for auto-proxying)
[INFO ] 2020-06-04 12:19:19.325 [restartedMain] TomcatWebServer - Tomcat initialized with port(s): 8043 (http)
[INFO ] 2020-06-04 12:19:19.343 [restartedMain] Http11NioProtocol - Initializing ProtocolHandler ["http-nio-8043"]
[INFO ] 2020-06-04 12:19:19.357 [restartedMain] StandardService - Starting service [Tomcat]
[INFO ] 2020-06-04 12:19:19.358 [restartedMain] StandardEngine - Starting Servlet engine: [Apache Tomcat/9.0.22]
[INFO ] 2020-06-04 12:19:19.510 [restartedMain] [/] - Initializing Spring embedded WebApplicationContext
[INFO ] 2020-06-04 12:19:19.510 [restartedMain] ContextLoader - Root WebApplicationContext: initialization completed in 2647 ms
[WARN ] 2020-06-04 12:19:19.648 [restartedMain] URLConfigurationSource - No URLs will be polled as dynamic configuration sources.
[INFO ] 2020-06-04 12:19:19.649 [restartedMain] URLConfigurationSource - To enable URLs as dynamic configuration sources, define System property archaius.configurationSource.additionalUrls or make config.properties available on classpath.
[INFO ] 2020-06-04 12:19:19.659 [restartedMain] DynamicPropertyFactory - DynamicPropertyFactory is initialized with configuration sources: com.netflix.config.ConcurrentCompositeConfiguration@6a2870f4
[INFO ] 2020-06-04 12:19:20.732 [restartedMain] HikariDataSource - HikariPool-1 - Starting...
[INFO ] 2020-06-04 12:19:20.855 [restartedMain] HikariDataSource - HikariPool-1 - Start completed.
[INFO ] 2020-06-04 12:19:20.919 [restartedMain] LogHelper - HHH000204: Processing PersistenceUnitInfo [
	name: default
	...]
[INFO ] 2020-06-04 12:19:21.025 [restartedMain] Version - HHH000412: Hibernate Core {5.3.10.Final}
[INFO ] 2020-06-04 12:19:21.028 [restartedMain] Environment - HHH000206: hibernate.properties not found
[INFO ] 2020-06-04 12:19:21.329 [restartedMain] Version - HCANN000001: Hibernate Commons Annotations {5.0.4.Final}
[INFO ] 2020-06-04 12:19:21.477 [restartedMain] Dialect - HHH000400: Using dialect: org.hibernate.dialect.PostgreSQLDialect
[INFO ] 2020-06-04 12:19:21.664 [restartedMain] LobCreatorBuilderImpl - HHH000424: Disabling contextual LOB creation as createClob() method threw error : java.lang.reflect.InvocationTargetException
[INFO ] 2020-06-04 12:19:21.671 [restartedMain] BasicTypeRegistry - HHH000270: Type registration [java.util.UUID] overrides previous : org.hibernate.type.UUIDBinaryType@1770ae01
[INFO ] 2020-06-04 12:19:22.411 [restartedMain] LocalContainerEntityManagerFactoryBean - Initialized JPA EntityManagerFactory for persistence unit 'default'
[INFO ] 2020-06-04 12:19:23.162 [restartedMain] QueryTranslatorFactoryInitiator - HHH000397: Using ASTQueryTranslatorFactory
[WARN ] 2020-06-04 12:19:23.489 [restartedMain] JpaBaseConfiguration$JpaWebConfiguration$JpaWebMvcConfiguration - spring.jpa.open-in-view is enabled by default. Therefore, database queries may be performed during view rendering. Explicitly configure spring.jpa.open-in-view to disable this warning
[WARN ] 2020-06-04 12:19:23.792 [restartedMain] URLConfigurationSource - No URLs will be polled as dynamic configuration sources.
[INFO ] 2020-06-04 12:19:23.794 [restartedMain] URLConfigurationSource - To enable URLs as dynamic configuration sources, define System property archaius.configurationSource.additionalUrls or make config.properties available on classpath.
[WARN ] 2020-06-04 12:19:24.493 [restartedMain] OptionalLiveReloadServer - Unable to start LiveReload server
[INFO ] 2020-06-04 12:19:24.886 [restartedMain] EndpointLinksResolver - Exposing 2 endpoint(s) beneath base path '/actuator'
[INFO ] 2020-06-04 12:19:25.069 [restartedMain] InstanceInfoFactory - Setting initial instance status as: STARTING
[INFO ] 2020-06-04 12:19:25.106 [restartedMain] DiscoveryClient - Initializing Eureka in region us-east-1
[INFO ] 2020-06-04 12:19:25.269 [restartedMain] DiscoveryJerseyProvider - Using JSON encoding codec LegacyJacksonJson
[INFO ] 2020-06-04 12:19:25.269 [restartedMain] DiscoveryJerseyProvider - Using JSON decoding codec LegacyJacksonJson
[INFO ] 2020-06-04 12:19:25.415 [restartedMain] DiscoveryJerseyProvider - Using XML encoding codec XStreamXml
[INFO ] 2020-06-04 12:19:25.415 [restartedMain] DiscoveryJerseyProvider - Using XML decoding codec XStreamXml
[INFO ] 2020-06-04 12:19:25.592 [restartedMain] ConfigClusterResolver - Resolving eureka endpoints via configuration
[INFO ] 2020-06-04 12:19:25.758 [restartedMain] DiscoveryClient - Disable delta property : false
[INFO ] 2020-06-04 12:19:25.758 [restartedMain] DiscoveryClient - Single vip registry refresh property : null
[INFO ] 2020-06-04 12:19:25.758 [restartedMain] DiscoveryClient - Force full registry fetch : false
[INFO ] 2020-06-04 12:19:25.759 [restartedMain] DiscoveryClient - Application is null : false
[INFO ] 2020-06-04 12:19:25.759 [restartedMain] DiscoveryClient - Registered Applications size is zero : true
[INFO ] 2020-06-04 12:19:25.759 [restartedMain] DiscoveryClient - Application version is -1: true
[INFO ] 2020-06-04 12:19:25.759 [restartedMain] DiscoveryClient - Getting all instance registry info from the eureka server
[INFO ] 2020-06-04 12:19:25.906 [restartedMain] DiscoveryClient - The response status is 200
[INFO ] 2020-06-04 12:19:25.910 [restartedMain] DiscoveryClient - Starting heartbeat executor: renew interval is: 30
[INFO ] 2020-06-04 12:19:25.912 [restartedMain] InstanceInfoReplicator - InstanceInfoReplicator onDemand update allowed rate per min is 4
[INFO ] 2020-06-04 12:19:25.916 [restartedMain] DiscoveryClient - Discovery Client initialized at timestamp 1591253365914 with initial instances count: 1
[INFO ] 2020-06-04 12:19:25.924 [restartedMain] EurekaServiceRegistry - Registering application SCA_AUDIT_SERVICE with eureka with status UP
[INFO ] 2020-06-04 12:19:25.925 [restartedMain] DiscoveryClient - Saw local status change event StatusChangeEvent [timestamp=1591253365925, current=UP, previous=STARTING]
[INFO ] 2020-06-04 12:19:25.927 [DiscoveryClient-InstanceInfoReplicator-0] DiscoveryClient - DiscoveryClient_SCA_AUDIT_SERVICE/192.168.0.27:sca_audit_service:8043: registering service...
[INFO ] 2020-06-04 12:19:25.930 [restartedMain] CachingConnectionFactory - Attempting to connect to: [127.0.0.1:5672]
[INFO ] 2020-06-04 12:19:25.959 [DiscoveryClient-InstanceInfoReplicator-0] DiscoveryClient - DiscoveryClient_SCA_AUDIT_SERVICE/192.168.0.27:sca_audit_service:8043 - registration status: 204
[INFO ] 2020-06-04 12:19:25.993 [restartedMain] CachingConnectionFactory - Created new connection: rabbitConnectionFactory#6cd0299b:0/SimpleConnection@f758dcf [delegate=amqp://guest@127.0.0.1:5672/, localPort= 56151]
[INFO ] 2020-06-04 12:19:26.070 [restartedMain] Http11NioProtocol - Starting ProtocolHandler ["http-nio-8043"]
[INFO ] 2020-06-04 12:19:26.102 [restartedMain] TomcatWebServer - Tomcat started on port(s): 8043 (http) with context path ''
[INFO ] 2020-06-04 12:19:26.103 [restartedMain] EurekaAutoServiceRegistration - Updating port to 8043
[INFO ] 2020-06-04 12:19:26.106 [restartedMain] ScaAuditServiceApplication - Started ScaAuditServiceApplication in 10.6 seconds (JVM running for 11.9)
[INFO ] 2020-06-04 12:24:25.764 [AsyncResolver-bootstrap-executor-0] ConfigClusterResolver - Resolving eureka endpoints via configuration
[INFO ] 2020-06-04 12:25:56.029 [DiscoveryClient-HeartbeatExecutor-0] DiscoveryClient - DiscoveryClient_SCA_AUDIT_SERVICE/192.168.0.27:sca_audit_service:8043 - Re-registering apps/SCA_AUDIT_SERVICE
[INFO ] 2020-06-04 12:25:56.029 [DiscoveryClient-HeartbeatExecutor-0] DiscoveryClient - DiscoveryClient_SCA_AUDIT_SERVICE/192.168.0.27:sca_audit_service:8043: registering service...
[INFO ] 2020-06-04 12:25:56.034 [DiscoveryClient-HeartbeatExecutor-0] DiscoveryClient - DiscoveryClient_SCA_AUDIT_SERVICE/192.168.0.27:sca_audit_service:8043 - registration status: 204
[INFO ] 2020-06-04 12:26:26.032 [DiscoveryClient-CacheRefreshExecutor-0] DiscoveryClient - Disable delta property : false
[INFO ] 2020-06-04 12:26:26.033 [DiscoveryClient-CacheRefreshExecutor-0] DiscoveryClient - Single vip registry refresh property : null
[INFO ] 2020-06-04 12:26:26.033 [DiscoveryClient-CacheRefreshExecutor-0] DiscoveryClient - Force full registry fetch : false
[INFO ] 2020-06-04 12:26:26.033 [DiscoveryClient-CacheRefreshExecutor-0] DiscoveryClient - Application is null : false
[INFO ] 2020-06-04 12:26:26.033 [DiscoveryClient-CacheRefreshExecutor-0] DiscoveryClient - Registered Applications size is zero : true
[INFO ] 2020-06-04 12:26:26.033 [DiscoveryClient-CacheRefreshExecutor-0] DiscoveryClient - Application version is -1: false
[INFO ] 2020-06-04 12:26:26.033 [DiscoveryClient-CacheRefreshExecutor-0] DiscoveryClient - Getting all instance registry info from the eureka server
[INFO ] 2020-06-04 12:26:26.038 [DiscoveryClient-CacheRefreshExecutor-0] DiscoveryClient - The response status is 200
[INFO ] 2020-06-04 12:29:25.765 [AsyncResolver-bootstrap-executor-0] ConfigClusterResolver - Resolving eureka endpoints via configuration
[INFO ] 2020-06-04 12:34:25.767 [AsyncResolver-bootstrap-executor-0] ConfigClusterResolver - Resolving eureka endpoints via configuration
[INFO ] 2020-06-04 12:34:40.386 [RMI TCP Connection(24)-127.0.0.1] SpringApplicationAdminMXBeanRegistrar$SpringApplicationAdmin - Application shutdown requested.
[INFO ] 2020-06-04 12:34:40.441 [RMI TCP Connection(24)-127.0.0.1] EurekaServiceRegistry - Unregistering application SCA_AUDIT_SERVICE with eureka with status DOWN
[WARN ] 2020-06-04 12:34:40.442 [RMI TCP Connection(24)-127.0.0.1] DiscoveryClient - Saw local status change event StatusChangeEvent [timestamp=1591254280441, current=DOWN, previous=UP]
[INFO ] 2020-06-04 12:34:40.481 [DiscoveryClient-InstanceInfoReplicator-0] DiscoveryClient - DiscoveryClient_SCA_AUDIT_SERVICE/192.168.0.27:sca_audit_service:8043: registering service...
[ERROR] 2020-06-04 12:34:40.614 [DiscoveryClient-InstanceInfoReplicator-0] RedirectingEurekaHttpClient - Request execution error. endpoint=DefaultEndpoint{ serviceUrl='http://localhost:8041/eureka/}
com.sun.jersey.api.client.ClientHandlerException: org.apache.http.NoHttpResponseException: localhost:8041 failed to respond
	at com.sun.jersey.client.apache4.ApacheHttpClient4Handler.handle(ApacheHttpClient4Handler.java:187) ~[jersey-apache-client4-1.19.1.jar:1.19.1]
	at com.sun.jersey.api.client.filter.GZIPContentEncodingFilter.handle(GZIPContentEncodingFilter.java:123) ~[jersey-client-1.19.1.jar:1.19.1]
	at com.netflix.discovery.EurekaIdentityHeaderFilter.handle(EurekaIdentityHeaderFilter.java:27) ~[eureka-client-1.9.8.jar:1.9.8]
	at com.sun.jersey.api.client.Client.handle(Client.java:652) ~[jersey-client-1.19.1.jar:1.19.1]
	at com.sun.jersey.api.client.WebResource.handle(WebResource.java:682) ~[jersey-client-1.19.1.jar:1.19.1]
	at com.sun.jersey.api.client.WebResource.access$200(WebResource.java:74) ~[jersey-client-1.19.1.jar:1.19.1]
	at com.sun.jersey.api.client.WebResource$Builder.post(WebResource.java:570) ~[jersey-client-1.19.1.jar:1.19.1]
	at com.netflix.discovery.shared.transport.jersey.AbstractJerseyEurekaHttpClient.register(AbstractJerseyEurekaHttpClient.java:56) ~[eureka-client-1.9.8.jar:1.9.8]
	at com.netflix.discovery.shared.transport.decorator.EurekaHttpClientDecorator$1.execute(EurekaHttpClientDecorator.java:59) ~[eureka-client-1.9.8.jar:1.9.8]
	at com.netflix.discovery.shared.transport.decorator.MetricsCollectingEurekaHttpClient.execute(MetricsCollectingEurekaHttpClient.java:73) ~[eureka-client-1.9.8.jar:1.9.8]
	at com.netflix.discovery.shared.transport.decorator.EurekaHttpClientDecorator.register(EurekaHttpClientDecorator.java:56) ~[eureka-client-1.9.8.jar:1.9.8]
	at com.netflix.discovery.shared.transport.decorator.EurekaHttpClientDecorator$1.execute(EurekaHttpClientDecorator.java:59) ~[eureka-client-1.9.8.jar:1.9.8]
	at com.netflix.discovery.shared.transport.decorator.RedirectingEurekaHttpClient.execute(RedirectingEurekaHttpClient.java:89) [eureka-client-1.9.8.jar:1.9.8]
	at com.netflix.discovery.shared.transport.decorator.EurekaHttpClientDecorator.register(EurekaHttpClientDecorator.java:56) [eureka-client-1.9.8.jar:1.9.8]
	at com.netflix.discovery.shared.transport.decorator.EurekaHttpClientDecorator$1.execute(EurekaHttpClientDecorator.java:59) [eureka-client-1.9.8.jar:1.9.8]
	at com.netflix.discovery.shared.transport.decorator.RetryableEurekaHttpClient.execute(RetryableEurekaHttpClient.java:120) [eureka-client-1.9.8.jar:1.9.8]
	at com.netflix.discovery.shared.transport.decorator.EurekaHttpClientDecorator.register(EurekaHttpClientDecorator.java:56) [eureka-client-1.9.8.jar:1.9.8]
	at com.netflix.discovery.shared.transport.decorator.EurekaHttpClientDecorator$1.execute(EurekaHttpClientDecorator.java:59) [eureka-client-1.9.8.jar:1.9.8]
	at com.netflix.discovery.shared.transport.decorator.SessionedEurekaHttpClient.execute(SessionedEurekaHttpClient.java:77) [eureka-client-1.9.8.jar:1.9.8]
	at com.netflix.discovery.shared.transport.decorator.EurekaHttpClientDecorator.register(EurekaHttpClientDecorator.java:56) [eureka-client-1.9.8.jar:1.9.8]
	at com.netflix.discovery.DiscoveryClient.register(DiscoveryClient.java:829) [eureka-client-1.9.8.jar:1.9.8]
	at com.netflix.discovery.InstanceInfoReplicator.run(InstanceInfoReplicator.java:121) [eureka-client-1.9.8.jar:1.9.8]
	at com.netflix.discovery.InstanceInfoReplicator$1.run(InstanceInfoReplicator.java:101) [eureka-client-1.9.8.jar:1.9.8]
	at java.util.concurrent.Executors$RunnableAdapter.call(Executors.java:515) [?:?]
	at java.util.concurrent.FutureTask.run(FutureTask.java:264) [?:?]
	at java.util.concurrent.ScheduledThreadPoolExecutor$ScheduledFutureTask.run(ScheduledThreadPoolExecutor.java:304) [?:?]
	at java.util.concurrent.ThreadPoolExecutor.runWorker(ThreadPoolExecutor.java:1128) [?:?]
	at java.util.concurrent.ThreadPoolExecutor$Worker.run(ThreadPoolExecutor.java:628) [?:?]
	at java.lang.Thread.run(Thread.java:834) [?:?]
Caused by: org.apache.http.NoHttpResponseException: localhost:8041 failed to respond
	at org.apache.http.impl.conn.DefaultHttpResponseParser.parseHead(DefaultHttpResponseParser.java:141) ~[httpclient-4.5.9.jar:4.5.9]
	at org.apache.http.impl.conn.DefaultHttpResponseParser.parseHead(DefaultHttpResponseParser.java:56) ~[httpclient-4.5.9.jar:4.5.9]
	at org.apache.http.impl.io.AbstractMessageParser.parse(AbstractMessageParser.java:259) ~[httpcore-4.4.11.jar:4.4.11]
	at org.apache.http.impl.AbstractHttpClientConnection.receiveResponseHeader(AbstractHttpClientConnection.java:294) ~[httpcore-4.4.11.jar:4.4.11]
	at org.apache.http.impl.conn.DefaultClientConnection.receiveResponseHeader(DefaultClientConnection.java:257) ~[httpclient-4.5.9.jar:4.5.9]
	at org.apache.http.impl.conn.AbstractClientConnAdapter.receiveResponseHeader(AbstractClientConnAdapter.java:230) ~[httpclient-4.5.9.jar:4.5.9]
	at org.apache.http.protocol.HttpRequestExecutor.doReceiveResponse(HttpRequestExecutor.java:273) ~[httpcore-4.4.11.jar:4.4.11]
	at org.apache.http.protocol.HttpRequestExecutor.execute(HttpRequestExecutor.java:125) ~[httpcore-4.4.11.jar:4.4.11]
	at org.apache.http.impl.client.DefaultRequestDirector.tryExecute(DefaultRequestDirector.java:679) ~[httpclient-4.5.9.jar:4.5.9]
	at org.apache.http.impl.client.DefaultRequestDirector.execute(DefaultRequestDirector.java:481) ~[httpclient-4.5.9.jar:4.5.9]
	at org.apache.http.impl.client.AbstractHttpClient.doExecute(AbstractHttpClient.java:835) ~[httpclient-4.5.9.jar:4.5.9]
	at org.apache.http.impl.client.CloseableHttpClient.execute(CloseableHttpClient.java:118) ~[httpclient-4.5.9.jar:4.5.9]
	at org.apache.http.impl.client.CloseableHttpClient.execute(CloseableHttpClient.java:56) ~[httpclient-4.5.9.jar:4.5.9]
	at com.sun.jersey.client.apache4.ApacheHttpClient4Handler.handle(ApacheHttpClient4Handler.java:173) ~[jersey-apache-client4-1.19.1.jar:1.19.1]
	... 28 more
[WARN ] 2020-06-04 12:34:40.773 [DiscoveryClient-InstanceInfoReplicator-0] RetryableEurekaHttpClient - Request execution failed with message: org.apache.http.NoHttpResponseException: localhost:8041 failed to respond
[INFO ] 2020-06-04 12:34:40.793 [RMI TCP Connection(24)-127.0.0.1] SimpleMessageListenerContainer - Waiting for workers to finish.
[INFO ] 2020-06-04 12:34:41.736 [RMI TCP Connection(24)-127.0.0.1] SimpleMessageListenerContainer - Successfully waited for workers to finish.
[INFO ] 2020-06-04 12:34:41.782 [RMI TCP Connection(24)-127.0.0.1] SimpleMessageListenerContainer - Shutdown ignored - container is not active already
[INFO ] 2020-06-04 12:34:41.806 [RMI TCP Connection(24)-127.0.0.1] LocalContainerEntityManagerFactoryBean - Closing JPA EntityManagerFactory for persistence unit 'default'
[INFO ] 2020-06-04 12:34:41.907 [RMI TCP Connection(24)-127.0.0.1] DiscoveryClient - Shutting down DiscoveryClient ...
[ERROR] 2020-06-04 12:34:42.792 [DiscoveryClient-InstanceInfoReplicator-0] RedirectingEurekaHttpClient - Request execution error. endpoint=DefaultEndpoint{ serviceUrl='http://localhost:8041/eureka/}
com.sun.jersey.api.client.ClientHandlerException: java.net.ConnectException: Connection refused: connect
	at com.sun.jersey.client.apache4.ApacheHttpClient4Handler.handle(ApacheHttpClient4Handler.java:187) ~[jersey-apache-client4-1.19.1.jar:1.19.1]
	at com.sun.jersey.api.client.filter.GZIPContentEncodingFilter.handle(GZIPContentEncodingFilter.java:123) ~[jersey-client-1.19.1.jar:1.19.1]
	at com.netflix.discovery.EurekaIdentityHeaderFilter.handle(EurekaIdentityHeaderFilter.java:27) ~[eureka-client-1.9.8.jar:1.9.8]
	at com.sun.jersey.api.client.Client.handle(Client.java:652) ~[jersey-client-1.19.1.jar:1.19.1]
	at com.sun.jersey.api.client.WebResource.handle(WebResource.java:682) ~[jersey-client-1.19.1.jar:1.19.1]
	at com.sun.jersey.api.client.WebResource.access$200(WebResource.java:74) ~[jersey-client-1.19.1.jar:1.19.1]
	at com.sun.jersey.api.client.WebResource$Builder.post(WebResource.java:570) ~[jersey-client-1.19.1.jar:1.19.1]
	at com.netflix.discovery.shared.transport.jersey.AbstractJerseyEurekaHttpClient.register(AbstractJerseyEurekaHttpClient.java:56) ~[eureka-client-1.9.8.jar:1.9.8]
	at com.netflix.discovery.shared.transport.decorator.EurekaHttpClientDecorator$1.execute(EurekaHttpClientDecorator.java:59) ~[eureka-client-1.9.8.jar:1.9.8]
	at com.netflix.discovery.shared.transport.decorator.MetricsCollectingEurekaHttpClient.execute(MetricsCollectingEurekaHttpClient.java:73) ~[eureka-client-1.9.8.jar:1.9.8]
	at com.netflix.discovery.shared.transport.decorator.EurekaHttpClientDecorator.register(EurekaHttpClientDecorator.java:56) ~[eureka-client-1.9.8.jar:1.9.8]
	at com.netflix.discovery.shared.transport.decorator.EurekaHttpClientDecorator$1.execute(EurekaHttpClientDecorator.java:59) ~[eureka-client-1.9.8.jar:1.9.8]
	at com.netflix.discovery.shared.transport.decorator.RedirectingEurekaHttpClient.executeOnNewServer(RedirectingEurekaHttpClient.java:118) ~[eureka-client-1.9.8.jar:1.9.8]
	at com.netflix.discovery.shared.transport.decorator.RedirectingEurekaHttpClient.execute(RedirectingEurekaHttpClient.java:79) [eureka-client-1.9.8.jar:1.9.8]
	at com.netflix.discovery.shared.transport.decorator.EurekaHttpClientDecorator.register(EurekaHttpClientDecorator.java:56) [eureka-client-1.9.8.jar:1.9.8]
	at com.netflix.discovery.shared.transport.decorator.EurekaHttpClientDecorator$1.execute(EurekaHttpClientDecorator.java:59) [eureka-client-1.9.8.jar:1.9.8]
	at com.netflix.discovery.shared.transport.decorator.RetryableEurekaHttpClient.execute(RetryableEurekaHttpClient.java:120) [eureka-client-1.9.8.jar:1.9.8]
	at com.netflix.discovery.shared.transport.decorator.EurekaHttpClientDecorator.register(EurekaHttpClientDecorator.java:56) [eureka-client-1.9.8.jar:1.9.8]
	at com.netflix.discovery.shared.transport.decorator.EurekaHttpClientDecorator$1.execute(EurekaHttpClientDecorator.java:59) [eureka-client-1.9.8.jar:1.9.8]
	at com.netflix.discovery.shared.transport.decorator.SessionedEurekaHttpClient.execute(SessionedEurekaHttpClient.java:77) [eureka-client-1.9.8.jar:1.9.8]
	at com.netflix.discovery.shared.transport.decorator.EurekaHttpClientDecorator.register(EurekaHttpClientDecorator.java:56) [eureka-client-1.9.8.jar:1.9.8]
	at com.netflix.discovery.DiscoveryClient.register(DiscoveryClient.java:829) [eureka-client-1.9.8.jar:1.9.8]
	at com.netflix.discovery.InstanceInfoReplicator.run(InstanceInfoReplicator.java:121) [eureka-client-1.9.8.jar:1.9.8]
	at com.netflix.discovery.InstanceInfoReplicator$1.run(InstanceInfoReplicator.java:101) [eureka-client-1.9.8.jar:1.9.8]
	at java.util.concurrent.Executors$RunnableAdapter.call(Executors.java:515) [?:?]
	at java.util.concurrent.FutureTask.run(FutureTask.java:264) [?:?]
	at java.util.concurrent.ScheduledThreadPoolExecutor$ScheduledFutureTask.run(ScheduledThreadPoolExecutor.java:304) [?:?]
	at java.util.concurrent.ThreadPoolExecutor.runWorker(ThreadPoolExecutor.java:1128) [?:?]
	at java.util.concurrent.ThreadPoolExecutor$Worker.run(ThreadPoolExecutor.java:628) [?:?]
	at java.lang.Thread.run(Thread.java:834) [?:?]
Caused by: java.net.ConnectException: Connection refused: connect
	at java.net.PlainSocketImpl.waitForConnect(Native Method) ~[?:?]
	at java.net.PlainSocketImpl.socketConnect(PlainSocketImpl.java:107) ~[?:?]
	at java.net.AbstractPlainSocketImpl.doConnect(AbstractPlainSocketImpl.java:399) ~[?:?]
	at java.net.AbstractPlainSocketImpl.connectToAddress(AbstractPlainSocketImpl.java:242) ~[?:?]
	at java.net.AbstractPlainSocketImpl.connect(AbstractPlainSocketImpl.java:224) ~[?:?]
	at java.net.SocksSocketImpl.connect(SocksSocketImpl.java:403) ~[?:?]
	at java.net.Socket.connect(Socket.java:591) ~[?:?]
	at org.apache.http.conn.scheme.PlainSocketFactory.connectSocket(PlainSocketFactory.java:121) ~[httpclient-4.5.9.jar:4.5.9]
	at org.apache.http.impl.conn.DefaultClientConnectionOperator.openConnection(DefaultClientConnectionOperator.java:180) ~[httpclient-4.5.9.jar:4.5.9]
	at org.apache.http.impl.conn.AbstractPoolEntry.open(AbstractPoolEntry.java:144) ~[httpclient-4.5.9.jar:4.5.9]
	at org.apache.http.impl.conn.AbstractPooledConnAdapter.open(AbstractPooledConnAdapter.java:134) ~[httpclient-4.5.9.jar:4.5.9]
	at org.apache.http.impl.client.DefaultRequestDirector.tryConnect(DefaultRequestDirector.java:605) ~[httpclient-4.5.9.jar:4.5.9]
	at org.apache.http.impl.client.DefaultRequestDirector.execute(DefaultRequestDirector.java:440) ~[httpclient-4.5.9.jar:4.5.9]
	at org.apache.http.impl.client.AbstractHttpClient.doExecute(AbstractHttpClient.java:835) ~[httpclient-4.5.9.jar:4.5.9]
	at org.apache.http.impl.client.CloseableHttpClient.execute(CloseableHttpClient.java:118) ~[httpclient-4.5.9.jar:4.5.9]
	at org.apache.http.impl.client.CloseableHttpClient.execute(CloseableHttpClient.java:56) ~[httpclient-4.5.9.jar:4.5.9]
	at com.sun.jersey.client.apache4.ApacheHttpClient4Handler.handle(ApacheHttpClient4Handler.java:173) ~[jersey-apache-client4-1.19.1.jar:1.19.1]
	... 29 more
[WARN ] 2020-06-04 12:34:42.825 [DiscoveryClient-InstanceInfoReplicator-0] RetryableEurekaHttpClient - Request execution failed with message: java.net.ConnectException: Connection refused: connect
[WARN ] 2020-06-04 12:34:42.832 [DiscoveryClient-InstanceInfoReplicator-0] DiscoveryClient - DiscoveryClient_SCA_AUDIT_SERVICE/192.168.0.27:sca_audit_service:8043 - registration failed Cannot execute request on any known server
com.netflix.discovery.shared.transport.TransportException: Cannot execute request on any known server
	at com.netflix.discovery.shared.transport.decorator.RetryableEurekaHttpClient.execute(RetryableEurekaHttpClient.java:112) ~[eureka-client-1.9.8.jar:1.9.8]
	at com.netflix.discovery.shared.transport.decorator.EurekaHttpClientDecorator.register(EurekaHttpClientDecorator.java:56) ~[eureka-client-1.9.8.jar:1.9.8]
	at com.netflix.discovery.shared.transport.decorator.EurekaHttpClientDecorator$1.execute(EurekaHttpClientDecorator.java:59) ~[eureka-client-1.9.8.jar:1.9.8]
	at com.netflix.discovery.shared.transport.decorator.SessionedEurekaHttpClient.execute(SessionedEurekaHttpClient.java:77) ~[eureka-client-1.9.8.jar:1.9.8]
	at com.netflix.discovery.shared.transport.decorator.EurekaHttpClientDecorator.register(EurekaHttpClientDecorator.java:56) ~[eureka-client-1.9.8.jar:1.9.8]
	at com.netflix.discovery.DiscoveryClient.register(DiscoveryClient.java:829) [eureka-client-1.9.8.jar:1.9.8]
	at com.netflix.discovery.InstanceInfoReplicator.run(InstanceInfoReplicator.java:121) [eureka-client-1.9.8.jar:1.9.8]
	at com.netflix.discovery.InstanceInfoReplicator$1.run(InstanceInfoReplicator.java:101) [eureka-client-1.9.8.jar:1.9.8]
	at java.util.concurrent.Executors$RunnableAdapter.call(Executors.java:515) [?:?]
	at java.util.concurrent.FutureTask.run(FutureTask.java:264) [?:?]
	at java.util.concurrent.ScheduledThreadPoolExecutor$ScheduledFutureTask.run(ScheduledThreadPoolExecutor.java:304) [?:?]
	at java.util.concurrent.ThreadPoolExecutor.runWorker(ThreadPoolExecutor.java:1128) [?:?]
	at java.util.concurrent.ThreadPoolExecutor$Worker.run(ThreadPoolExecutor.java:628) [?:?]
	at java.lang.Thread.run(Thread.java:834) [?:?]
[WARN ] 2020-06-04 12:34:42.839 [DiscoveryClient-InstanceInfoReplicator-0] InstanceInfoReplicator - There was a problem with the instance info replicator
com.netflix.discovery.shared.transport.TransportException: Cannot execute request on any known server
	at com.netflix.discovery.shared.transport.decorator.RetryableEurekaHttpClient.execute(RetryableEurekaHttpClient.java:112) ~[eureka-client-1.9.8.jar:1.9.8]
	at com.netflix.discovery.shared.transport.decorator.EurekaHttpClientDecorator.register(EurekaHttpClientDecorator.java:56) ~[eureka-client-1.9.8.jar:1.9.8]
	at com.netflix.discovery.shared.transport.decorator.EurekaHttpClientDecorator$1.execute(EurekaHttpClientDecorator.java:59) ~[eureka-client-1.9.8.jar:1.9.8]
	at com.netflix.discovery.shared.transport.decorator.SessionedEurekaHttpClient.execute(SessionedEurekaHttpClient.java:77) ~[eureka-client-1.9.8.jar:1.9.8]
	at com.netflix.discovery.shared.transport.decorator.EurekaHttpClientDecorator.register(EurekaHttpClientDecorator.java:56) ~[eureka-client-1.9.8.jar:1.9.8]
	at com.netflix.discovery.DiscoveryClient.register(DiscoveryClient.java:829) ~[eureka-client-1.9.8.jar:1.9.8]
	at com.netflix.discovery.InstanceInfoReplicator.run(InstanceInfoReplicator.java:121) [eureka-client-1.9.8.jar:1.9.8]
	at com.netflix.discovery.InstanceInfoReplicator$1.run(InstanceInfoReplicator.java:101) [eureka-client-1.9.8.jar:1.9.8]
	at java.util.concurrent.Executors$RunnableAdapter.call(Executors.java:515) [?:?]
	at java.util.concurrent.FutureTask.run(FutureTask.java:264) [?:?]
	at java.util.concurrent.ScheduledThreadPoolExecutor$ScheduledFutureTask.run(ScheduledThreadPoolExecutor.java:304) [?:?]
	at java.util.concurrent.ThreadPoolExecutor.runWorker(ThreadPoolExecutor.java:1128) [?:?]
	at java.util.concurrent.ThreadPoolExecutor$Worker.run(ThreadPoolExecutor.java:628) [?:?]
	at java.lang.Thread.run(Thread.java:834) [?:?]
[INFO ] 2020-06-04 12:34:42.848 [RMI TCP Connection(24)-127.0.0.1] DiscoveryClient - Unregistering ...
[ERROR] 2020-06-04 12:34:44.906 [RMI TCP Connection(24)-127.0.0.1] RedirectingEurekaHttpClient - Request execution error. endpoint=DefaultEndpoint{ serviceUrl='http://localhost:8041/eureka/}
com.sun.jersey.api.client.ClientHandlerException: java.net.ConnectException: Connection refused: connect
	at com.sun.jersey.client.apache4.ApacheHttpClient4Handler.handle(ApacheHttpClient4Handler.java:187) ~[jersey-apache-client4-1.19.1.jar:1.19.1]
	at com.sun.jersey.api.client.filter.GZIPContentEncodingFilter.handle(GZIPContentEncodingFilter.java:123) ~[jersey-client-1.19.1.jar:1.19.1]
	at com.netflix.discovery.EurekaIdentityHeaderFilter.handle(EurekaIdentityHeaderFilter.java:27) ~[eureka-client-1.9.8.jar:1.9.8]
	at com.sun.jersey.api.client.Client.handle(Client.java:652) ~[jersey-client-1.19.1.jar:1.19.1]
	at com.sun.jersey.api.client.WebResource.handle(WebResource.java:682) ~[jersey-client-1.19.1.jar:1.19.1]
	at com.sun.jersey.api.client.WebResource.access$200(WebResource.java:74) ~[jersey-client-1.19.1.jar:1.19.1]
	at com.sun.jersey.api.client.WebResource$Builder.delete(WebResource.java:591) ~[jersey-client-1.19.1.jar:1.19.1]
	at com.netflix.discovery.shared.transport.jersey.AbstractJerseyEurekaHttpClient.cancel(AbstractJerseyEurekaHttpClient.java:76) ~[eureka-client-1.9.8.jar:1.9.8]
	at com.netflix.discovery.shared.transport.decorator.EurekaHttpClientDecorator$2.execute(EurekaHttpClientDecorator.java:74) ~[eureka-client-1.9.8.jar:1.9.8]
	at com.netflix.discovery.shared.transport.decorator.MetricsCollectingEurekaHttpClient.execute(MetricsCollectingEurekaHttpClient.java:73) ~[eureka-client-1.9.8.jar:1.9.8]
	at com.netflix.discovery.shared.transport.decorator.EurekaHttpClientDecorator.cancel(EurekaHttpClientDecorator.java:71) ~[eureka-client-1.9.8.jar:1.9.8]
	at com.netflix.discovery.shared.transport.decorator.EurekaHttpClientDecorator$2.execute(EurekaHttpClientDecorator.java:74) ~[eureka-client-1.9.8.jar:1.9.8]
	at com.netflix.discovery.shared.transport.decorator.RedirectingEurekaHttpClient.executeOnNewServer(RedirectingEurekaHttpClient.java:118) ~[eureka-client-1.9.8.jar:1.9.8]
	at com.netflix.discovery.shared.transport.decorator.RedirectingEurekaHttpClient.execute(RedirectingEurekaHttpClient.java:79) ~[eureka-client-1.9.8.jar:1.9.8]
	at com.netflix.discovery.shared.transport.decorator.EurekaHttpClientDecorator.cancel(EurekaHttpClientDecorator.java:71) ~[eureka-client-1.9.8.jar:1.9.8]
	at com.netflix.discovery.shared.transport.decorator.EurekaHttpClientDecorator$2.execute(EurekaHttpClientDecorator.java:74) ~[eureka-client-1.9.8.jar:1.9.8]
	at com.netflix.discovery.shared.transport.decorator.RetryableEurekaHttpClient.execute(RetryableEurekaHttpClient.java:120) ~[eureka-client-1.9.8.jar:1.9.8]
	at com.netflix.discovery.shared.transport.decorator.EurekaHttpClientDecorator.cancel(EurekaHttpClientDecorator.java:71) ~[eureka-client-1.9.8.jar:1.9.8]
	at com.netflix.discovery.shared.transport.decorator.EurekaHttpClientDecorator$2.execute(EurekaHttpClientDecorator.java:74) ~[eureka-client-1.9.8.jar:1.9.8]
	at com.netflix.discovery.shared.transport.decorator.SessionedEurekaHttpClient.execute(SessionedEurekaHttpClient.java:77) ~[eureka-client-1.9.8.jar:1.9.8]
	at com.netflix.discovery.shared.transport.decorator.EurekaHttpClientDecorator.cancel(EurekaHttpClientDecorator.java:71) ~[eureka-client-1.9.8.jar:1.9.8]
	at com.netflix.discovery.DiscoveryClient.unregister(DiscoveryClient.java:923) ~[eureka-client-1.9.8.jar:1.9.8]
	at com.netflix.discovery.DiscoveryClient.shutdown(DiscoveryClient.java:901) ~[eureka-client-1.9.8.jar:1.9.8]
	at jdk.internal.reflect.NativeMethodAccessorImpl.invoke0(Native Method) ~[?:?]
	at jdk.internal.reflect.NativeMethodAccessorImpl.invoke(NativeMethodAccessorImpl.java:62) ~[?:?]
	at jdk.internal.reflect.DelegatingMethodAccessorImpl.invoke(DelegatingMethodAccessorImpl.java:43) ~[?:?]
	at java.lang.reflect.Method.invoke(Method.java:566) ~[?:?]
	at org.springframework.beans.factory.annotation.InitDestroyAnnotationBeanPostProcessor$LifecycleElement.invoke(InitDestroyAnnotationBeanPostProcessor.java:363) ~[spring-beans-5.1.9.RELEASE.jar:5.1.9.RELEASE]
	at org.springframework.beans.factory.annotation.InitDestroyAnnotationBeanPostProcessor$LifecycleMetadata.invokeDestroyMethods(InitDestroyAnnotationBeanPostProcessor.java:321) ~[spring-beans-5.1.9.RELEASE.jar:5.1.9.RELEASE]
	at org.springframework.beans.factory.annotation.InitDestroyAnnotationBeanPostProcessor.postProcessBeforeDestruction(InitDestroyAnnotationBeanPostProcessor.java:156) ~[spring-beans-5.1.9.RELEASE.jar:5.1.9.RELEASE]
	at org.springframework.beans.factory.support.DisposableBeanAdapter.destroy(DisposableBeanAdapter.java:242) ~[spring-beans-5.1.9.RELEASE.jar:5.1.9.RELEASE]
	at org.springframework.beans.factory.support.DisposableBeanAdapter.run(DisposableBeanAdapter.java:235) ~[spring-beans-5.1.9.RELEASE.jar:5.1.9.RELEASE]
	at org.springframework.cloud.context.scope.GenericScope$BeanLifecycleWrapper.destroy(GenericScope.java:404) ~[spring-cloud-context-2.1.0.RELEASE.jar:2.1.0.RELEASE]
	at org.springframework.cloud.context.scope.GenericScope.destroy(GenericScope.java:139) ~[spring-cloud-context-2.1.0.RELEASE.jar:2.1.0.RELEASE]
	at org.springframework.beans.factory.support.DisposableBeanAdapter.destroy(DisposableBeanAdapter.java:258) ~[spring-beans-5.1.9.RELEASE.jar:5.1.9.RELEASE]
	at org.springframework.beans.factory.support.DefaultSingletonBeanRegistry.destroyBean(DefaultSingletonBeanRegistry.java:571) ~[spring-beans-5.1.9.RELEASE.jar:5.1.9.RELEASE]
	at org.springframework.beans.factory.support.DefaultSingletonBeanRegistry.destroySingleton(DefaultSingletonBeanRegistry.java:543) ~[spring-beans-5.1.9.RELEASE.jar:5.1.9.RELEASE]
	at org.springframework.beans.factory.support.DefaultListableBeanFactory.destroySingleton(DefaultListableBeanFactory.java:1036) ~[spring-beans-5.1.9.RELEASE.jar:5.1.9.RELEASE]
	at org.springframework.beans.factory.support.DefaultSingletonBeanRegistry.destroySingletons(DefaultSingletonBeanRegistry.java:504) ~[spring-beans-5.1.9.RELEASE.jar:5.1.9.RELEASE]
	at org.springframework.beans.factory.support.DefaultListableBeanFactory.destroySingletons(DefaultListableBeanFactory.java:1029) ~[spring-beans-5.1.9.RELEASE.jar:5.1.9.RELEASE]
	at org.springframework.context.support.AbstractApplicationContext.destroyBeans(AbstractApplicationContext.java:1057) ~[spring-context-5.1.9.RELEASE.jar:5.1.9.RELEASE]
	at org.springframework.context.support.AbstractApplicationContext.doClose(AbstractApplicationContext.java:1026) ~[spring-context-5.1.9.RELEASE.jar:5.1.9.RELEASE]
	at org.springframework.context.support.AbstractApplicationContext.close(AbstractApplicationContext.java:975) ~[spring-context-5.1.9.RELEASE.jar:5.1.9.RELEASE]
	at org.springframework.boot.admin.SpringApplicationAdminMXBeanRegistrar$SpringApplicationAdmin.shutdown(SpringApplicationAdminMXBeanRegistrar.java:160) ~[spring-boot-2.1.7.RELEASE.jar:2.1.7.RELEASE]
	at jdk.internal.reflect.NativeMethodAccessorImpl.invoke0(Native Method) ~[?:?]
	at jdk.internal.reflect.NativeMethodAccessorImpl.invoke(NativeMethodAccessorImpl.java:62) ~[?:?]
	at jdk.internal.reflect.DelegatingMethodAccessorImpl.invoke(DelegatingMethodAccessorImpl.java:43) ~[?:?]
	at java.lang.reflect.Method.invoke(Method.java:566) ~[?:?]
	at sun.reflect.misc.Trampoline.invoke(MethodUtil.java:71) ~[?:?]
	at jdk.internal.reflect.NativeMethodAccessorImpl.invoke0(Native Method) ~[?:?]
	at jdk.internal.reflect.NativeMethodAccessorImpl.invoke(NativeMethodAccessorImpl.java:62) ~[?:?]
	at jdk.internal.reflect.DelegatingMethodAccessorImpl.invoke(DelegatingMethodAccessorImpl.java:43) ~[?:?]
	at java.lang.reflect.Method.invoke(Method.java:566) ~[?:?]
	at sun.reflect.misc.MethodUtil.invoke(MethodUtil.java:260) ~[?:?]
	at com.sun.jmx.mbeanserver.ConvertingMethod.invokeWithOpenReturn(ConvertingMethod.java:193) ~[?:?]
	at com.sun.jmx.mbeanserver.ConvertingMethod.invokeWithOpenReturn(ConvertingMethod.java:175) ~[?:?]
	at com.sun.jmx.mbeanserver.MXBeanIntrospector.invokeM2(MXBeanIntrospector.java:117) ~[?:?]
	at com.sun.jmx.mbeanserver.MXBeanIntrospector.invokeM2(MXBeanIntrospector.java:54) ~[?:?]
	at com.sun.jmx.mbeanserver.MBeanIntrospector.invokeM(MBeanIntrospector.java:237) ~[?:?]
	at com.sun.jmx.mbeanserver.PerInterface.invoke(PerInterface.java:138) ~[?:?]
	at com.sun.jmx.mbeanserver.MBeanSupport.invoke(MBeanSupport.java:252) ~[?:?]
	at com.sun.jmx.interceptor.DefaultMBeanServerInterceptor.invoke(DefaultMBeanServerInterceptor.java:809) ~[?:?]
	at com.sun.jmx.mbeanserver.JmxMBeanServer.invoke(JmxMBeanServer.java:801) ~[?:?]
	at javax.management.remote.rmi.RMIConnectionImpl.doOperation(RMIConnectionImpl.java:1466) ~[?:?]
	at javax.management.remote.rmi.RMIConnectionImpl$PrivilegedOperation.run(RMIConnectionImpl.java:1307) ~[?:?]
	at javax.management.remote.rmi.RMIConnectionImpl.doPrivilegedOperation(RMIConnectionImpl.java:1399) ~[?:?]
	at javax.management.remote.rmi.RMIConnectionImpl.invoke(RMIConnectionImpl.java:827) ~[?:?]
	at jdk.internal.reflect.NativeMethodAccessorImpl.invoke0(Native Method) ~[?:?]
	at jdk.internal.reflect.NativeMethodAccessorImpl.invoke(NativeMethodAccessorImpl.java:62) ~[?:?]
	at jdk.internal.reflect.DelegatingMethodAccessorImpl.invoke(DelegatingMethodAccessorImpl.java:43) ~[?:?]
	at java.lang.reflect.Method.invoke(Method.java:566) ~[?:?]
	at sun.rmi.server.UnicastServerRef.dispatch(UnicastServerRef.java:359) ~[?:?]
	at sun.rmi.transport.Transport$1.run(Transport.java:200) ~[?:?]
	at sun.rmi.transport.Transport$1.run(Transport.java:197) ~[?:?]
	at java.security.AccessController.doPrivileged(Native Method) ~[?:?]
	at sun.rmi.transport.Transport.serviceCall(Transport.java:196) ~[?:?]
	at sun.rmi.transport.tcp.TCPTransport.handleMessages(TCPTransport.java:562) ~[?:?]
	at sun.rmi.transport.tcp.TCPTransport$ConnectionHandler.run0(TCPTransport.java:796) ~[?:?]
	at sun.rmi.transport.tcp.TCPTransport$ConnectionHandler.lambda$run$0(TCPTransport.java:677) ~[?:?]
	at java.security.AccessController.doPrivileged(Native Method) ~[?:?]
	at sun.rmi.transport.tcp.TCPTransport$ConnectionHandler.run(TCPTransport.java:676) [?:?]
	at java.util.concurrent.ThreadPoolExecutor.runWorker(ThreadPoolExecutor.java:1128) [?:?]
	at java.util.concurrent.ThreadPoolExecutor$Worker.run(ThreadPoolExecutor.java:628) [?:?]
	at java.lang.Thread.run(Thread.java:834) [?:?]
Caused by: java.net.ConnectException: Connection refused: connect
	at java.net.PlainSocketImpl.waitForConnect(Native Method) ~[?:?]
	at java.net.PlainSocketImpl.socketConnect(PlainSocketImpl.java:107) ~[?:?]
	at java.net.AbstractPlainSocketImpl.doConnect(AbstractPlainSocketImpl.java:399) ~[?:?]
	at java.net.AbstractPlainSocketImpl.connectToAddress(AbstractPlainSocketImpl.java:242) ~[?:?]
	at java.net.AbstractPlainSocketImpl.connect(AbstractPlainSocketImpl.java:224) ~[?:?]
	at java.net.SocksSocketImpl.connect(SocksSocketImpl.java:403) ~[?:?]
	at java.net.Socket.connect(Socket.java:591) ~[?:?]
	at org.apache.http.conn.scheme.PlainSocketFactory.connectSocket(PlainSocketFactory.java:121) ~[httpclient-4.5.9.jar:4.5.9]
	at org.apache.http.impl.conn.DefaultClientConnectionOperator.openConnection(DefaultClientConnectionOperator.java:180) ~[httpclient-4.5.9.jar:4.5.9]
	at org.apache.http.impl.conn.AbstractPoolEntry.open(AbstractPoolEntry.java:144) ~[httpclient-4.5.9.jar:4.5.9]
	at org.apache.http.impl.conn.AbstractPooledConnAdapter.open(AbstractPooledConnAdapter.java:134) ~[httpclient-4.5.9.jar:4.5.9]
	at org.apache.http.impl.client.DefaultRequestDirector.tryConnect(DefaultRequestDirector.java:605) ~[httpclient-4.5.9.jar:4.5.9]
	at org.apache.http.impl.client.DefaultRequestDirector.execute(DefaultRequestDirector.java:440) ~[httpclient-4.5.9.jar:4.5.9]
	at org.apache.http.impl.client.AbstractHttpClient.doExecute(AbstractHttpClient.java:835) ~[httpclient-4.5.9.jar:4.5.9]
	at org.apache.http.impl.client.CloseableHttpClient.execute(CloseableHttpClient.java:118) ~[httpclient-4.5.9.jar:4.5.9]
	at org.apache.http.impl.client.CloseableHttpClient.execute(CloseableHttpClient.java:56) ~[httpclient-4.5.9.jar:4.5.9]
	at com.sun.jersey.client.apache4.ApacheHttpClient4Handler.handle(ApacheHttpClient4Handler.java:173) ~[jersey-apache-client4-1.19.1.jar:1.19.1]
	... 83 more
[WARN ] 2020-06-04 12:34:44.922 [RMI TCP Connection(24)-127.0.0.1] RetryableEurekaHttpClient - Request execution failed with message: java.net.ConnectException: Connection refused: connect
[ERROR] 2020-06-04 12:34:44.924 [RMI TCP Connection(24)-127.0.0.1] DiscoveryClient - DiscoveryClient_SCA_AUDIT_SERVICE/192.168.0.27:sca_audit_service:8043 - de-registration failedCannot execute request on any known server
com.netflix.discovery.shared.transport.TransportException: Cannot execute request on any known server
	at com.netflix.discovery.shared.transport.decorator.RetryableEurekaHttpClient.execute(RetryableEurekaHttpClient.java:112) ~[eureka-client-1.9.8.jar:1.9.8]
	at com.netflix.discovery.shared.transport.decorator.EurekaHttpClientDecorator.cancel(EurekaHttpClientDecorator.java:71) ~[eureka-client-1.9.8.jar:1.9.8]
	at com.netflix.discovery.shared.transport.decorator.EurekaHttpClientDecorator$2.execute(EurekaHttpClientDecorator.java:74) ~[eureka-client-1.9.8.jar:1.9.8]
	at com.netflix.discovery.shared.transport.decorator.SessionedEurekaHttpClient.execute(SessionedEurekaHttpClient.java:77) ~[eureka-client-1.9.8.jar:1.9.8]
	at com.netflix.discovery.shared.transport.decorator.EurekaHttpClientDecorator.cancel(EurekaHttpClientDecorator.java:71) ~[eureka-client-1.9.8.jar:1.9.8]
	at com.netflix.discovery.DiscoveryClient.unregister(DiscoveryClient.java:923) ~[eureka-client-1.9.8.jar:1.9.8]
	at com.netflix.discovery.DiscoveryClient.shutdown(DiscoveryClient.java:901) ~[eureka-client-1.9.8.jar:1.9.8]
	at jdk.internal.reflect.NativeMethodAccessorImpl.invoke0(Native Method) ~[?:?]
	at jdk.internal.reflect.NativeMethodAccessorImpl.invoke(NativeMethodAccessorImpl.java:62) ~[?:?]
	at jdk.internal.reflect.DelegatingMethodAccessorImpl.invoke(DelegatingMethodAccessorImpl.java:43) ~[?:?]
	at java.lang.reflect.Method.invoke(Method.java:566) ~[?:?]
	at org.springframework.beans.factory.annotation.InitDestroyAnnotationBeanPostProcessor$LifecycleElement.invoke(InitDestroyAnnotationBeanPostProcessor.java:363) ~[spring-beans-5.1.9.RELEASE.jar:5.1.9.RELEASE]
	at org.springframework.beans.factory.annotation.InitDestroyAnnotationBeanPostProcessor$LifecycleMetadata.invokeDestroyMethods(InitDestroyAnnotationBeanPostProcessor.java:321) ~[spring-beans-5.1.9.RELEASE.jar:5.1.9.RELEASE]
	at org.springframework.beans.factory.annotation.InitDestroyAnnotationBeanPostProcessor.postProcessBeforeDestruction(InitDestroyAnnotationBeanPostProcessor.java:156) ~[spring-beans-5.1.9.RELEASE.jar:5.1.9.RELEASE]
	at org.springframework.beans.factory.support.DisposableBeanAdapter.destroy(DisposableBeanAdapter.java:242) ~[spring-beans-5.1.9.RELEASE.jar:5.1.9.RELEASE]
	at org.springframework.beans.factory.support.DisposableBeanAdapter.run(DisposableBeanAdapter.java:235) ~[spring-beans-5.1.9.RELEASE.jar:5.1.9.RELEASE]
	at org.springframework.cloud.context.scope.GenericScope$BeanLifecycleWrapper.destroy(GenericScope.java:404) ~[spring-cloud-context-2.1.0.RELEASE.jar:2.1.0.RELEASE]
	at org.springframework.cloud.context.scope.GenericScope.destroy(GenericScope.java:139) ~[spring-cloud-context-2.1.0.RELEASE.jar:2.1.0.RELEASE]
	at org.springframework.beans.factory.support.DisposableBeanAdapter.destroy(DisposableBeanAdapter.java:258) ~[spring-beans-5.1.9.RELEASE.jar:5.1.9.RELEASE]
	at org.springframework.beans.factory.support.DefaultSingletonBeanRegistry.destroyBean(DefaultSingletonBeanRegistry.java:571) ~[spring-beans-5.1.9.RELEASE.jar:5.1.9.RELEASE]
	at org.springframework.beans.factory.support.DefaultSingletonBeanRegistry.destroySingleton(DefaultSingletonBeanRegistry.java:543) ~[spring-beans-5.1.9.RELEASE.jar:5.1.9.RELEASE]
	at org.springframework.beans.factory.support.DefaultListableBeanFactory.destroySingleton(DefaultListableBeanFactory.java:1036) ~[spring-beans-5.1.9.RELEASE.jar:5.1.9.RELEASE]
	at org.springframework.beans.factory.support.DefaultSingletonBeanRegistry.destroySingletons(DefaultSingletonBeanRegistry.java:504) ~[spring-beans-5.1.9.RELEASE.jar:5.1.9.RELEASE]
	at org.springframework.beans.factory.support.DefaultListableBeanFactory.destroySingletons(DefaultListableBeanFactory.java:1029) ~[spring-beans-5.1.9.RELEASE.jar:5.1.9.RELEASE]
	at org.springframework.context.support.AbstractApplicationContext.destroyBeans(AbstractApplicationContext.java:1057) ~[spring-context-5.1.9.RELEASE.jar:5.1.9.RELEASE]
	at org.springframework.context.support.AbstractApplicationContext.doClose(AbstractApplicationContext.java:1026) ~[spring-context-5.1.9.RELEASE.jar:5.1.9.RELEASE]
	at org.springframework.context.support.AbstractApplicationContext.close(AbstractApplicationContext.java:975) ~[spring-context-5.1.9.RELEASE.jar:5.1.9.RELEASE]
	at org.springframework.boot.admin.SpringApplicationAdminMXBeanRegistrar$SpringApplicationAdmin.shutdown(SpringApplicationAdminMXBeanRegistrar.java:160) ~[spring-boot-2.1.7.RELEASE.jar:2.1.7.RELEASE]
	at jdk.internal.reflect.NativeMethodAccessorImpl.invoke0(Native Method) ~[?:?]
	at jdk.internal.reflect.NativeMethodAccessorImpl.invoke(NativeMethodAccessorImpl.java:62) ~[?:?]
	at jdk.internal.reflect.DelegatingMethodAccessorImpl.invoke(DelegatingMethodAccessorImpl.java:43) ~[?:?]
	at java.lang.reflect.Method.invoke(Method.java:566) ~[?:?]
	at sun.reflect.misc.Trampoline.invoke(MethodUtil.java:71) ~[?:?]
	at jdk.internal.reflect.NativeMethodAccessorImpl.invoke0(Native Method) ~[?:?]
	at jdk.internal.reflect.NativeMethodAccessorImpl.invoke(NativeMethodAccessorImpl.java:62) ~[?:?]
	at jdk.internal.reflect.DelegatingMethodAccessorImpl.invoke(DelegatingMethodAccessorImpl.java:43) ~[?:?]
	at java.lang.reflect.Method.invoke(Method.java:566) ~[?:?]
	at sun.reflect.misc.MethodUtil.invoke(MethodUtil.java:260) ~[?:?]
	at com.sun.jmx.mbeanserver.ConvertingMethod.invokeWithOpenReturn(ConvertingMethod.java:193) ~[?:?]
	at com.sun.jmx.mbeanserver.ConvertingMethod.invokeWithOpenReturn(ConvertingMethod.java:175) ~[?:?]
	at com.sun.jmx.mbeanserver.MXBeanIntrospector.invokeM2(MXBeanIntrospector.java:117) ~[?:?]
	at com.sun.jmx.mbeanserver.MXBeanIntrospector.invokeM2(MXBeanIntrospector.java:54) ~[?:?]
	at com.sun.jmx.mbeanserver.MBeanIntrospector.invokeM(MBeanIntrospector.java:237) ~[?:?]
	at com.sun.jmx.mbeanserver.PerInterface.invoke(PerInterface.java:138) ~[?:?]
	at com.sun.jmx.mbeanserver.MBeanSupport.invoke(MBeanSupport.java:252) ~[?:?]
	at com.sun.jmx.interceptor.DefaultMBeanServerInterceptor.invoke(DefaultMBeanServerInterceptor.java:809) ~[?:?]
	at com.sun.jmx.mbeanserver.JmxMBeanServer.invoke(JmxMBeanServer.java:801) ~[?:?]
	at javax.management.remote.rmi.RMIConnectionImpl.doOperation(RMIConnectionImpl.java:1466) ~[?:?]
	at javax.management.remote.rmi.RMIConnectionImpl$PrivilegedOperation.run(RMIConnectionImpl.java:1307) ~[?:?]
	at javax.management.remote.rmi.RMIConnectionImpl.doPrivilegedOperation(RMIConnectionImpl.java:1399) ~[?:?]
	at javax.management.remote.rmi.RMIConnectionImpl.invoke(RMIConnectionImpl.java:827) ~[?:?]
	at jdk.internal.reflect.NativeMethodAccessorImpl.invoke0(Native Method) ~[?:?]
	at jdk.internal.reflect.NativeMethodAccessorImpl.invoke(NativeMethodAccessorImpl.java:62) ~[?:?]
	at jdk.internal.reflect.DelegatingMethodAccessorImpl.invoke(DelegatingMethodAccessorImpl.java:43) ~[?:?]
	at java.lang.reflect.Method.invoke(Method.java:566) ~[?:?]
	at sun.rmi.server.UnicastServerRef.dispatch(UnicastServerRef.java:359) ~[?:?]
	at sun.rmi.transport.Transport$1.run(Transport.java:200) ~[?:?]
	at sun.rmi.transport.Transport$1.run(Transport.java:197) ~[?:?]
	at java.security.AccessController.doPrivileged(Native Method) ~[?:?]
	at sun.rmi.transport.Transport.serviceCall(Transport.java:196) ~[?:?]
	at sun.rmi.transport.tcp.TCPTransport.handleMessages(TCPTransport.java:562) ~[?:?]
	at sun.rmi.transport.tcp.TCPTransport$ConnectionHandler.run0(TCPTransport.java:796) ~[?:?]
	at sun.rmi.transport.tcp.TCPTransport$ConnectionHandler.lambda$run$0(TCPTransport.java:677) ~[?:?]
	at java.security.AccessController.doPrivileged(Native Method) ~[?:?]
	at sun.rmi.transport.tcp.TCPTransport$ConnectionHandler.run(TCPTransport.java:676) [?:?]
	at java.util.concurrent.ThreadPoolExecutor.runWorker(ThreadPoolExecutor.java:1128) [?:?]
	at java.util.concurrent.ThreadPoolExecutor$Worker.run(ThreadPoolExecutor.java:628) [?:?]
	at java.lang.Thread.run(Thread.java:834) [?:?]
[INFO ] 2020-06-04 12:34:44.966 [RMI TCP Connection(24)-127.0.0.1] DiscoveryClient - Completed shut down of DiscoveryClient
[INFO ] 2020-06-04 12:34:44.968 [RMI TCP Connection(24)-127.0.0.1] HikariDataSource - HikariPool-1 - Shutdown initiated...
[INFO ] 2020-06-04 12:34:44.985 [RMI TCP Connection(24)-127.0.0.1] HikariDataSource - HikariPool-1 - Shutdown completed.
[INFO ] 2020-06-04 12:34:45.011 [RMI TCP Connection(24)-127.0.0.1] Http11NioProtocol - Pausing ProtocolHandler ["http-nio-8043"]
[INFO ] 2020-06-04 12:34:45.202 [RMI TCP Connection(24)-127.0.0.1] StandardService - Stopping service [Tomcat]
[INFO ] 2020-06-04 12:34:45.221 [RMI TCP Connection(24)-127.0.0.1] Http11NioProtocol - Stopping ProtocolHandler ["http-nio-8043"]
[INFO ] 2020-06-04 12:34:45.227 [RMI TCP Connection(24)-127.0.0.1] Http11NioProtocol - Destroying ProtocolHandler ["http-nio-8043"]
