[INFO ] 2020-06-30 09:21:52.106 [restartedMain] ScaProjectServiceApplication - The following profiles are active: local
[INFO ] 2020-06-30 09:21:53.247 [restartedMain] RepositoryConfigurationDelegate - Bootstrapping Spring Data repositories in DEFAULT mode.
[INFO ] 2020-06-30 09:21:53.305 [restartedMain] RepositoryConfigurationDelegate - Finished Spring Data repository scanning in 51ms. Found 1 repository interfaces.
[WARN ] 2020-06-30 09:21:53.801 [restartedMain] EndpointId - Endpoint ID 'service-registry' contains invalid characters, please migrate to a valid format.
[INFO ] 2020-06-30 09:21:54.046 [restartedMain] GenericScope - BeanFactory id=6584b243-71f3-35ec-85bf-40ce6931451c
[INFO ] 2020-06-30 09:21:54.246 [restartedMain] PostProcessorRegistrationDelegate$BeanPostProcessorChecker - Bean 'org.springframework.transaction.annotation.ProxyTransactionManagementConfiguration' of type [org.springframework.transaction.annotation.ProxyTransactionManagementConfiguration$$EnhancerBySpringCGLIB$$b3e28b61] is not eligible for getting processed by all BeanPostProcessors (for example: not eligible for auto-proxying)
[INFO ] 2020-06-30 09:21:54.370 [restartedMain] PostProcessorRegistrationDelegate$BeanPostProcessorChecker - Bean 'org.springframework.cloud.autoconfigure.ConfigurationPropertiesRebinderAutoConfiguration' of type [org.springframework.cloud.autoconfigure.ConfigurationPropertiesRebinderAutoConfiguration$$EnhancerBySpringCGLIB$$cffc8e5e] is not eligible for getting processed by all BeanPostProcessors (for example: not eligible for auto-proxying)
[INFO ] 2020-06-30 09:21:54.972 [restartedMain] TomcatWebServer - Tomcat initialized with port(s): 8050 (http)
[INFO ] 2020-06-30 09:21:54.990 [restartedMain] Http11NioProtocol - Initializing ProtocolHandler ["http-nio-8050"]
[INFO ] 2020-06-30 09:21:55.002 [restartedMain] StandardService - Starting service [Tomcat]
[INFO ] 2020-06-30 09:21:55.003 [restartedMain] StandardEngine - Starting Servlet engine: [Apache Tomcat/9.0.22]
[INFO ] 2020-06-30 09:21:55.258 [restartedMain] [/] - Initializing Spring embedded WebApplicationContext
[INFO ] 2020-06-30 09:21:55.258 [restartedMain] ContextLoader - Root WebApplicationContext: initialization completed in 3109 ms
[WARN ] 2020-06-30 09:21:55.429 [restartedMain] URLConfigurationSource - No URLs will be polled as dynamic configuration sources.
[INFO ] 2020-06-30 09:21:55.430 [restartedMain] URLConfigurationSource - To enable URLs as dynamic configuration sources, define System property archaius.configurationSource.additionalUrls or make config.properties available on classpath.
[INFO ] 2020-06-30 09:21:55.445 [restartedMain] DynamicPropertyFactory - DynamicPropertyFactory is initialized with configuration sources: com.netflix.config.ConcurrentCompositeConfiguration@6ba9861e
[INFO ] 2020-06-30 09:21:56.747 [restartedMain] HikariDataSource - HikariPool-1 - Starting...
[INFO ] 2020-06-30 09:21:56.892 [restartedMain] HikariDataSource - HikariPool-1 - Start completed.
[INFO ] 2020-06-30 09:21:56.958 [restartedMain] LogHelper - HHH000204: Processing PersistenceUnitInfo [
	name: default
	...]
[INFO ] 2020-06-30 09:21:57.055 [restartedMain] Version - HHH000412: Hibernate Core {5.3.10.Final}
[INFO ] 2020-06-30 09:21:57.058 [restartedMain] Environment - HHH000206: hibernate.properties not found
[INFO ] 2020-06-30 09:21:57.299 [restartedMain] Version - HCANN000001: Hibernate Commons Annotations {5.0.4.Final}
[INFO ] 2020-06-30 09:21:57.478 [restartedMain] Dialect - HHH000400: Using dialect: org.hibernate.dialect.PostgreSQLDialect
[INFO ] 2020-06-30 09:21:57.587 [restartedMain] LobCreatorBuilderImpl - HHH000424: Disabling contextual LOB creation as createClob() method threw error : java.lang.reflect.InvocationTargetException
[INFO ] 2020-06-30 09:21:57.595 [restartedMain] BasicTypeRegistry - HHH000270: Type registration [java.util.UUID] overrides previous : org.hibernate.type.UUIDBinaryType@407190eb
[INFO ] 2020-06-30 09:21:58.432 [restartedMain] LocalContainerEntityManagerFactoryBean - Initialized JPA EntityManagerFactory for persistence unit 'default'
[WARN ] 2020-06-30 09:21:59.318 [restartedMain] JpaBaseConfiguration$JpaWebConfiguration$JpaWebMvcConfiguration - spring.jpa.open-in-view is enabled by default. Therefore, database queries may be performed during view rendering. Explicitly configure spring.jpa.open-in-view to disable this warning
[WARN ] 2020-06-30 09:21:59.748 [restartedMain] URLConfigurationSource - No URLs will be polled as dynamic configuration sources.
[INFO ] 2020-06-30 09:21:59.778 [restartedMain] URLConfigurationSource - To enable URLs as dynamic configuration sources, define System property archaius.configurationSource.additionalUrls or make config.properties available on classpath.
[WARN ] 2020-06-30 09:22:00.766 [restartedMain] OptionalLiveReloadServer - Unable to start LiveReload server
[INFO ] 2020-06-30 09:22:01.240 [restartedMain] EndpointLinksResolver - Exposing 2 endpoint(s) beneath base path '/actuator'
[INFO ] 2020-06-30 09:22:01.456 [restartedMain] InstanceInfoFactory - Setting initial instance status as: STARTING
[INFO ] 2020-06-30 09:22:01.502 [restartedMain] DiscoveryClient - Initializing Eureka in region us-east-1
[INFO ] 2020-06-30 09:22:01.667 [restartedMain] DiscoveryJerseyProvider - Using JSON encoding codec LegacyJacksonJson
[INFO ] 2020-06-30 09:22:01.668 [restartedMain] DiscoveryJerseyProvider - Using JSON decoding codec LegacyJacksonJson
[INFO ] 2020-06-30 09:22:01.833 [restartedMain] DiscoveryJerseyProvider - Using XML encoding codec XStreamXml
[INFO ] 2020-06-30 09:22:01.833 [restartedMain] DiscoveryJerseyProvider - Using XML decoding codec XStreamXml
[INFO ] 2020-06-30 09:22:02.041 [restartedMain] ConfigClusterResolver - Resolving eureka endpoints via configuration
[INFO ] 2020-06-30 09:22:02.228 [restartedMain] DiscoveryClient - Disable delta property : false
[INFO ] 2020-06-30 09:22:02.228 [restartedMain] DiscoveryClient - Single vip registry refresh property : null
[INFO ] 2020-06-30 09:22:02.228 [restartedMain] DiscoveryClient - Force full registry fetch : false
[INFO ] 2020-06-30 09:22:02.229 [restartedMain] DiscoveryClient - Application is null : false
[INFO ] 2020-06-30 09:22:02.229 [restartedMain] DiscoveryClient - Registered Applications size is zero : true
[INFO ] 2020-06-30 09:22:02.229 [restartedMain] DiscoveryClient - Application version is -1: true
[INFO ] 2020-06-30 09:22:02.229 [restartedMain] DiscoveryClient - Getting all instance registry info from the eureka server
[INFO ] 2020-06-30 09:22:02.457 [restartedMain] DiscoveryClient - The response status is 200
[INFO ] 2020-06-30 09:22:02.461 [restartedMain] DiscoveryClient - Starting heartbeat executor: renew interval is: 30
[INFO ] 2020-06-30 09:22:02.462 [RMI TCP Connection(3)-127.0.0.1] [/] - Initializing Spring DispatcherServlet 'dispatcherServlet'
[INFO ] 2020-06-30 09:22:02.463 [RMI TCP Connection(3)-127.0.0.1] DispatcherServlet - Initializing Servlet 'dispatcherServlet'
[INFO ] 2020-06-30 09:22:02.467 [restartedMain] InstanceInfoReplicator - InstanceInfoReplicator onDemand update allowed rate per min is 4
[INFO ] 2020-06-30 09:22:02.474 [restartedMain] DiscoveryClient - Discovery Client initialized at timestamp 1593489122472 with initial instances count: 1
[INFO ] 2020-06-30 09:22:02.491 [restartedMain] EurekaServiceRegistry - Registering application SCA_PROJECT_SERVICE with eureka with status UP
[INFO ] 2020-06-30 09:22:02.492 [restartedMain] DiscoveryClient - Saw local status change event StatusChangeEvent [timestamp=1593489122492, current=UP, previous=STARTING]
[INFO ] 2020-06-30 09:22:02.491 [RMI TCP Connection(3)-127.0.0.1] DispatcherServlet - Completed initialization in 28 ms
[INFO ] 2020-06-30 09:22:02.496 [DiscoveryClient-InstanceInfoReplicator-0] DiscoveryClient - DiscoveryClient_SCA_PROJECT_SERVICE/DESKTOP-QE5V47F:sca_project_service:8050: registering service...
[INFO ] 2020-06-30 09:22:02.503 [restartedMain] Http11NioProtocol - Starting ProtocolHandler ["http-nio-8050"]
[INFO ] 2020-06-30 09:22:02.523 [DiscoveryClient-InstanceInfoReplicator-0] DiscoveryClient - DiscoveryClient_SCA_PROJECT_SERVICE/DESKTOP-QE5V47F:sca_project_service:8050 - registration status: 204
[INFO ] 2020-06-30 09:22:02.549 [restartedMain] TomcatWebServer - Tomcat started on port(s): 8050 (http) with context path ''
[INFO ] 2020-06-30 09:22:02.552 [restartedMain] EurekaAutoServiceRegistration - Updating port to 8050
[INFO ] 2020-06-30 09:22:02.557 [restartedMain] ScaProjectServiceApplication - Started ScaProjectServiceApplication in 11.91 seconds (JVM running for 13.3)
[INFO ] 2020-06-30 09:22:08.295 [http-nio-8050-exec-2] MethodLogger - Entering into class: com.sca.project.web.ProjectController ; method: saveProject() ; with arguments: projectDto:com.sca.dto.project.ProjectDto@440e2d1e
[INFO ] 2020-06-30 09:22:08.332 [http-nio-8050-exec-2] MethodLogger - Entering into class: com.sca.project.service.impl.ProjectServiceImpl ; method: saveProject() ; with arguments: projectDto:com.sca.dto.project.ProjectDto@440e2d1e
[INFO ] 2020-06-30 09:22:08.407 [http-nio-8050-exec-2] MethodLogger - Returning from Class: com.sca.project.service.impl.ProjectServiceImpl ; Method: saveProject
[INFO ] 2020-06-30 09:22:08.458 [http-nio-8050-exec-2] MethodLogger - Returning from Class: com.sca.project.web.ProjectController ; Method: saveProject 
[INFO ] 2020-06-30 09:27:02.232 [AsyncResolver-bootstrap-executor-0] ConfigClusterResolver - Resolving eureka endpoints via configuration
[INFO ] 2020-06-30 09:32:02.235 [AsyncResolver-bootstrap-executor-0] ConfigClusterResolver - Resolving eureka endpoints via configuration
[INFO ] 2020-06-30 09:37:02.236 [AsyncResolver-bootstrap-executor-0] ConfigClusterResolver - Resolving eureka endpoints via configuration
[INFO ] 2020-06-30 09:42:02.239 [AsyncResolver-bootstrap-executor-0] ConfigClusterResolver - Resolving eureka endpoints via configuration
[INFO ] 2020-06-30 09:47:02.242 [AsyncResolver-bootstrap-executor-0] ConfigClusterResolver - Resolving eureka endpoints via configuration
[INFO ] 2020-06-30 09:52:02.244 [AsyncResolver-bootstrap-executor-0] ConfigClusterResolver - Resolving eureka endpoints via configuration
[INFO ] 2020-06-30 09:57:02.247 [AsyncResolver-bootstrap-executor-0] ConfigClusterResolver - Resolving eureka endpoints via configuration
[INFO ] 2020-06-30 10:02:02.251 [AsyncResolver-bootstrap-executor-0] ConfigClusterResolver - Resolving eureka endpoints via configuration
[INFO ] 2020-06-30 10:07:02.254 [AsyncResolver-bootstrap-executor-0] ConfigClusterResolver - Resolving eureka endpoints via configuration
[INFO ] 2020-06-30 10:12:02.256 [AsyncResolver-bootstrap-executor-0] ConfigClusterResolver - Resolving eureka endpoints via configuration
[INFO ] 2020-06-30 10:17:02.258 [AsyncResolver-bootstrap-executor-0] ConfigClusterResolver - Resolving eureka endpoints via configuration
[INFO ] 2020-06-30 10:22:02.260 [AsyncResolver-bootstrap-executor-0] ConfigClusterResolver - Resolving eureka endpoints via configuration
[INFO ] 2020-06-30 10:27:02.262 [AsyncResolver-bootstrap-executor-0] ConfigClusterResolver - Resolving eureka endpoints via configuration
[INFO ] 2020-06-30 10:32:02.265 [AsyncResolver-bootstrap-executor-0] ConfigClusterResolver - Resolving eureka endpoints via configuration
[INFO ] 2020-06-30 10:37:02.268 [AsyncResolver-bootstrap-executor-0] ConfigClusterResolver - Resolving eureka endpoints via configuration
[INFO ] 2020-06-30 10:42:02.269 [AsyncResolver-bootstrap-executor-0] ConfigClusterResolver - Resolving eureka endpoints via configuration
[INFO ] 2020-06-30 10:47:02.271 [AsyncResolver-bootstrap-executor-0] ConfigClusterResolver - Resolving eureka endpoints via configuration
[INFO ] 2020-06-30 10:52:02.275 [AsyncResolver-bootstrap-executor-0] ConfigClusterResolver - Resolving eureka endpoints via configuration
[INFO ] 2020-06-30 10:57:02.277 [AsyncResolver-bootstrap-executor-0] ConfigClusterResolver - Resolving eureka endpoints via configuration
[INFO ] 2020-06-30 11:02:02.280 [AsyncResolver-bootstrap-executor-0] ConfigClusterResolver - Resolving eureka endpoints via configuration
[INFO ] 2020-06-30 11:07:02.282 [AsyncResolver-bootstrap-executor-0] ConfigClusterResolver - Resolving eureka endpoints via configuration
[INFO ] 2020-06-30 11:12:02.284 [AsyncResolver-bootstrap-executor-0] ConfigClusterResolver - Resolving eureka endpoints via configuration
[INFO ] 2020-06-30 11:17:02.287 [AsyncResolver-bootstrap-executor-0] ConfigClusterResolver - Resolving eureka endpoints via configuration
[INFO ] 2020-06-30 11:22:02.290 [AsyncResolver-bootstrap-executor-0] ConfigClusterResolver - Resolving eureka endpoints via configuration
[INFO ] 2020-06-30 11:27:02.291 [AsyncResolver-bootstrap-executor-0] ConfigClusterResolver - Resolving eureka endpoints via configuration
[INFO ] 2020-06-30 11:32:02.293 [AsyncResolver-bootstrap-executor-0] ConfigClusterResolver - Resolving eureka endpoints via configuration
[INFO ] 2020-06-30 11:37:02.296 [AsyncResolver-bootstrap-executor-0] ConfigClusterResolver - Resolving eureka endpoints via configuration
[INFO ] 2020-06-30 11:42:02.297 [AsyncResolver-bootstrap-executor-0] ConfigClusterResolver - Resolving eureka endpoints via configuration
[INFO ] 2020-06-30 11:47:02.300 [AsyncResolver-bootstrap-executor-0] ConfigClusterResolver - Resolving eureka endpoints via configuration
[INFO ] 2020-06-30 11:52:02.302 [AsyncResolver-bootstrap-executor-0] ConfigClusterResolver - Resolving eureka endpoints via configuration
[INFO ] 2020-06-30 11:57:02.306 [AsyncResolver-bootstrap-executor-0] ConfigClusterResolver - Resolving eureka endpoints via configuration
[INFO ] 2020-06-30 12:02:02.308 [AsyncResolver-bootstrap-executor-0] ConfigClusterResolver - Resolving eureka endpoints via configuration
[INFO ] 2020-06-30 12:07:02.310 [AsyncResolver-bootstrap-executor-0] ConfigClusterResolver - Resolving eureka endpoints via configuration
[INFO ] 2020-06-30 12:12:02.313 [AsyncResolver-bootstrap-executor-0] ConfigClusterResolver - Resolving eureka endpoints via configuration
[INFO ] 2020-06-30 12:17:02.317 [AsyncResolver-bootstrap-executor-0] ConfigClusterResolver - Resolving eureka endpoints via configuration
[INFO ] 2020-06-30 12:22:02.319 [AsyncResolver-bootstrap-executor-0] ConfigClusterResolver - Resolving eureka endpoints via configuration
[INFO ] 2020-06-30 12:27:02.322 [AsyncResolver-bootstrap-executor-0] ConfigClusterResolver - Resolving eureka endpoints via configuration
[INFO ] 2020-06-30 12:32:02.323 [AsyncResolver-bootstrap-executor-0] ConfigClusterResolver - Resolving eureka endpoints via configuration
[INFO ] 2020-06-30 12:37:02.324 [AsyncResolver-bootstrap-executor-0] ConfigClusterResolver - Resolving eureka endpoints via configuration
[INFO ] 2020-06-30 12:42:02.326 [AsyncResolver-bootstrap-executor-0] ConfigClusterResolver - Resolving eureka endpoints via configuration
[INFO ] 2020-06-30 12:47:02.329 [AsyncResolver-bootstrap-executor-0] ConfigClusterResolver - Resolving eureka endpoints via configuration
[INFO ] 2020-06-30 12:52:02.331 [AsyncResolver-bootstrap-executor-0] ConfigClusterResolver - Resolving eureka endpoints via configuration
[INFO ] 2020-06-30 12:57:02.332 [AsyncResolver-bootstrap-executor-0] ConfigClusterResolver - Resolving eureka endpoints via configuration
[INFO ] 2020-06-30 13:02:02.345 [AsyncResolver-bootstrap-executor-0] ConfigClusterResolver - Resolving eureka endpoints via configuration
[INFO ] 2020-06-30 13:07:02.348 [AsyncResolver-bootstrap-executor-0] ConfigClusterResolver - Resolving eureka endpoints via configuration
[INFO ] 2020-06-30 13:12:02.350 [AsyncResolver-bootstrap-executor-0] ConfigClusterResolver - Resolving eureka endpoints via configuration
[INFO ] 2020-06-30 13:17:02.352 [AsyncResolver-bootstrap-executor-0] ConfigClusterResolver - Resolving eureka endpoints via configuration
[INFO ] 2020-06-30 13:22:02.354 [AsyncResolver-bootstrap-executor-0] ConfigClusterResolver - Resolving eureka endpoints via configuration
[INFO ] 2020-06-30 13:27:02.388 [AsyncResolver-bootstrap-executor-0] ConfigClusterResolver - Resolving eureka endpoints via configuration
[INFO ] 2020-06-30 13:32:02.388 [AsyncResolver-bootstrap-executor-0] ConfigClusterResolver - Resolving eureka endpoints via configuration
[INFO ] 2020-06-30 13:37:02.393 [AsyncResolver-bootstrap-executor-0] ConfigClusterResolver - Resolving eureka endpoints via configuration
[INFO ] 2020-06-30 13:42:02.395 [AsyncResolver-bootstrap-executor-0] ConfigClusterResolver - Resolving eureka endpoints via configuration
[INFO ] 2020-06-30 13:47:02.419 [AsyncResolver-bootstrap-executor-0] ConfigClusterResolver - Resolving eureka endpoints via configuration
[INFO ] 2020-06-30 13:52:02.421 [AsyncResolver-bootstrap-executor-0] ConfigClusterResolver - Resolving eureka endpoints via configuration
[INFO ] 2020-06-30 13:57:02.424 [AsyncResolver-bootstrap-executor-0] ConfigClusterResolver - Resolving eureka endpoints via configuration
[INFO ] 2020-06-30 14:02:02.427 [AsyncResolver-bootstrap-executor-0] ConfigClusterResolver - Resolving eureka endpoints via configuration
[INFO ] 2020-06-30 14:07:02.429 [AsyncResolver-bootstrap-executor-0] ConfigClusterResolver - Resolving eureka endpoints via configuration
[INFO ] 2020-06-30 14:12:02.432 [AsyncResolver-bootstrap-executor-0] ConfigClusterResolver - Resolving eureka endpoints via configuration
[INFO ] 2020-06-30 14:17:02.435 [AsyncResolver-bootstrap-executor-0] ConfigClusterResolver - Resolving eureka endpoints via configuration
[INFO ] 2020-06-30 14:22:02.439 [AsyncResolver-bootstrap-executor-0] ConfigClusterResolver - Resolving eureka endpoints via configuration
[INFO ] 2020-06-30 14:27:02.441 [AsyncResolver-bootstrap-executor-0] ConfigClusterResolver - Resolving eureka endpoints via configuration
[INFO ] 2020-06-30 14:32:02.496 [AsyncResolver-bootstrap-executor-0] ConfigClusterResolver - Resolving eureka endpoints via configuration
[INFO ] 2020-06-30 14:37:02.517 [AsyncResolver-bootstrap-executor-0] ConfigClusterResolver - Resolving eureka endpoints via configuration
[INFO ] 2020-06-30 14:42:02.518 [AsyncResolver-bootstrap-executor-0] ConfigClusterResolver - Resolving eureka endpoints via configuration
[INFO ] 2020-06-30 14:47:02.639 [AsyncResolver-bootstrap-executor-0] ConfigClusterResolver - Resolving eureka endpoints via configuration
[INFO ] 2020-06-30 14:52:02.641 [AsyncResolver-bootstrap-executor-0] ConfigClusterResolver - Resolving eureka endpoints via configuration
[INFO ] 2020-06-30 14:57:02.643 [AsyncResolver-bootstrap-executor-0] ConfigClusterResolver - Resolving eureka endpoints via configuration
[INFO ] 2020-06-30 15:02:02.645 [AsyncResolver-bootstrap-executor-0] ConfigClusterResolver - Resolving eureka endpoints via configuration
[INFO ] 2020-06-30 15:07:02.648 [AsyncResolver-bootstrap-executor-0] ConfigClusterResolver - Resolving eureka endpoints via configuration
[INFO ] 2020-06-30 15:12:02.650 [AsyncResolver-bootstrap-executor-0] ConfigClusterResolver - Resolving eureka endpoints via configuration
[INFO ] 2020-06-30 15:17:02.651 [AsyncResolver-bootstrap-executor-0] ConfigClusterResolver - Resolving eureka endpoints via configuration
[INFO ] 2020-06-30 15:22:02.654 [AsyncResolver-bootstrap-executor-0] ConfigClusterResolver - Resolving eureka endpoints via configuration
[INFO ] 2020-06-30 15:27:02.657 [AsyncResolver-bootstrap-executor-0] ConfigClusterResolver - Resolving eureka endpoints via configuration
[INFO ] 2020-06-30 15:32:02.660 [AsyncResolver-bootstrap-executor-0] ConfigClusterResolver - Resolving eureka endpoints via configuration
[INFO ] 2020-06-30 15:37:02.662 [AsyncResolver-bootstrap-executor-0] ConfigClusterResolver - Resolving eureka endpoints via configuration
[INFO ] 2020-06-30 15:42:02.663 [AsyncResolver-bootstrap-executor-0] ConfigClusterResolver - Resolving eureka endpoints via configuration
[INFO ] 2020-06-30 15:47:02.665 [AsyncResolver-bootstrap-executor-0] ConfigClusterResolver - Resolving eureka endpoints via configuration
[INFO ] 2020-06-30 15:52:02.668 [AsyncResolver-bootstrap-executor-0] ConfigClusterResolver - Resolving eureka endpoints via configuration
[INFO ] 2020-06-30 15:57:02.670 [AsyncResolver-bootstrap-executor-0] ConfigClusterResolver - Resolving eureka endpoints via configuration
[INFO ] 2020-06-30 16:02:02.672 [AsyncResolver-bootstrap-executor-0] ConfigClusterResolver - Resolving eureka endpoints via configuration
[INFO ] 2020-06-30 16:07:02.745 [AsyncResolver-bootstrap-executor-0] ConfigClusterResolver - Resolving eureka endpoints via configuration
[INFO ] 2020-06-30 16:12:02.746 [AsyncResolver-bootstrap-executor-0] ConfigClusterResolver - Resolving eureka endpoints via configuration
[INFO ] 2020-06-30 16:17:02.797 [AsyncResolver-bootstrap-executor-0] ConfigClusterResolver - Resolving eureka endpoints via configuration
[INFO ] 2020-06-30 16:22:02.798 [AsyncResolver-bootstrap-executor-0] ConfigClusterResolver - Resolving eureka endpoints via configuration
[INFO ] 2020-06-30 16:27:02.801 [AsyncResolver-bootstrap-executor-0] ConfigClusterResolver - Resolving eureka endpoints via configuration
[INFO ] 2020-06-30 16:32:02.850 [AsyncResolver-bootstrap-executor-0] ConfigClusterResolver - Resolving eureka endpoints via configuration
[INFO ] 2020-06-30 16:37:02.853 [AsyncResolver-bootstrap-executor-0] ConfigClusterResolver - Resolving eureka endpoints via configuration
[INFO ] 2020-06-30 16:42:02.854 [AsyncResolver-bootstrap-executor-0] ConfigClusterResolver - Resolving eureka endpoints via configuration
[INFO ] 2020-06-30 16:47:02.856 [AsyncResolver-bootstrap-executor-0] ConfigClusterResolver - Resolving eureka endpoints via configuration
[INFO ] 2020-06-30 16:52:02.859 [AsyncResolver-bootstrap-executor-0] ConfigClusterResolver - Resolving eureka endpoints via configuration
[INFO ] 2020-06-30 16:57:02.861 [AsyncResolver-bootstrap-executor-0] ConfigClusterResolver - Resolving eureka endpoints via configuration
[INFO ] 2020-06-30 17:02:02.864 [AsyncResolver-bootstrap-executor-0] ConfigClusterResolver - Resolving eureka endpoints via configuration
[INFO ] 2020-06-30 17:07:02.866 [AsyncResolver-bootstrap-executor-0] ConfigClusterResolver - Resolving eureka endpoints via configuration
[INFO ] 2020-06-30 17:12:02.869 [AsyncResolver-bootstrap-executor-0] ConfigClusterResolver - Resolving eureka endpoints via configuration
[INFO ] 2020-06-30 17:17:02.871 [AsyncResolver-bootstrap-executor-0] ConfigClusterResolver - Resolving eureka endpoints via configuration
[INFO ] 2020-06-30 17:22:02.873 [AsyncResolver-bootstrap-executor-0] ConfigClusterResolver - Resolving eureka endpoints via configuration
[INFO ] 2020-06-30 17:27:02.874 [AsyncResolver-bootstrap-executor-0] ConfigClusterResolver - Resolving eureka endpoints via configuration
[INFO ] 2020-06-30 17:32:02.896 [AsyncResolver-bootstrap-executor-0] ConfigClusterResolver - Resolving eureka endpoints via configuration
[INFO ] 2020-06-30 17:37:02.898 [AsyncResolver-bootstrap-executor-0] ConfigClusterResolver - Resolving eureka endpoints via configuration
[INFO ] 2020-06-30 17:42:02.900 [AsyncResolver-bootstrap-executor-0] ConfigClusterResolver - Resolving eureka endpoints via configuration
[INFO ] 2020-06-30 17:47:02.903 [AsyncResolver-bootstrap-executor-0] ConfigClusterResolver - Resolving eureka endpoints via configuration
[INFO ] 2020-06-30 17:52:02.906 [AsyncResolver-bootstrap-executor-0] ConfigClusterResolver - Resolving eureka endpoints via configuration
[INFO ] 2020-06-30 17:57:02.909 [AsyncResolver-bootstrap-executor-0] ConfigClusterResolver - Resolving eureka endpoints via configuration
[INFO ] 2020-06-30 18:02:02.911 [AsyncResolver-bootstrap-executor-0] ConfigClusterResolver - Resolving eureka endpoints via configuration
[INFO ] 2020-06-30 18:07:02.914 [AsyncResolver-bootstrap-executor-0] ConfigClusterResolver - Resolving eureka endpoints via configuration
[INFO ] 2020-06-30 18:12:02.916 [AsyncResolver-bootstrap-executor-0] ConfigClusterResolver - Resolving eureka endpoints via configuration
[INFO ] 2020-06-30 18:15:04.589 [RMI TCP Connection(544)-127.0.0.1] SpringApplicationAdminMXBeanRegistrar$SpringApplicationAdmin - Application shutdown requested.
[INFO ] 2020-06-30 18:15:04.589 [RMI TCP Connection(542)-127.0.0.1] SpringApplicationAdminMXBeanRegistrar$SpringApplicationAdmin - Application shutdown requested.
[INFO ] 2020-06-30 18:15:05.948 [RMI TCP Connection(545)-127.0.0.1] SpringApplicationAdminMXBeanRegistrar$SpringApplicationAdmin - Application shutdown requested.
[INFO ] 2020-06-30 18:15:06.640 [RMI TCP Connection(544)-127.0.0.1] EurekaServiceRegistry - Unregistering application SCA_PROJECT_SERVICE with eureka with status DOWN
[WARN ] 2020-06-30 18:15:06.703 [RMI TCP Connection(544)-127.0.0.1] DiscoveryClient - Saw local status change event StatusChangeEvent [timestamp=1593521106649, current=DOWN, previous=UP]
[INFO ] 2020-06-30 18:15:07.511 [DiscoveryClient-InstanceInfoReplicator-0] DiscoveryClient - DiscoveryClient_SCA_PROJECT_SERVICE/DESKTOP-QE5V47F:sca_project_service:8050: registering service...
[INFO ] 2020-06-30 18:15:09.503 [DiscoveryClient-InstanceInfoReplicator-0] DiscoveryClient - DiscoveryClient_SCA_PROJECT_SERVICE/DESKTOP-QE5V47F:sca_project_service:8050 - registration status: 204
[INFO ] 2020-06-30 18:15:13.530 [RMI TCP Connection(544)-127.0.0.1] LocalContainerEntityManagerFactoryBean - Closing JPA EntityManagerFactory for persistence unit 'default'
[INFO ] 2020-06-30 18:15:15.954 [RMI TCP Connection(544)-127.0.0.1] DiscoveryClient - Shutting down DiscoveryClient ...
[INFO ] 2020-06-30 18:15:19.062 [RMI TCP Connection(544)-127.0.0.1] DiscoveryClient - Unregistering ...
[INFO ] 2020-06-30 18:15:19.527 [RMI TCP Connection(544)-127.0.0.1] DiscoveryClient - DiscoveryClient_SCA_PROJECT_SERVICE/DESKTOP-QE5V47F:sca_project_service:8050 - deregister  status: 200
[INFO ] 2020-06-30 18:15:20.223 [RMI TCP Connection(544)-127.0.0.1] DiscoveryClient - Completed shut down of DiscoveryClient
[INFO ] 2020-06-30 18:15:20.276 [RMI TCP Connection(544)-127.0.0.1] HikariDataSource - HikariPool-1 - Shutdown initiated...
[INFO ] 2020-06-30 18:15:20.855 [RMI TCP Connection(544)-127.0.0.1] HikariDataSource - HikariPool-1 - Shutdown completed.
[INFO ] 2020-06-30 18:15:21.302 [RMI TCP Connection(544)-127.0.0.1] Http11NioProtocol - Pausing ProtocolHandler ["http-nio-8050"]
[INFO ] 2020-06-30 18:15:21.812 [RMI TCP Connection(544)-127.0.0.1] StandardService - Stopping service [Tomcat]
[INFO ] 2020-06-30 18:15:22.164 [RMI TCP Connection(544)-127.0.0.1] [/] - Destroying Spring FrameworkServlet 'dispatcherServlet'
[INFO ] 2020-06-30 18:15:23.011 [RMI TCP Connection(544)-127.0.0.1] Http11NioProtocol - Stopping ProtocolHandler ["http-nio-8050"]
[INFO ] 2020-06-30 18:15:23.263 [RMI TCP Connection(544)-127.0.0.1] Http11NioProtocol - Destroying ProtocolHandler ["http-nio-8050"]
