[INFO ] 2020-08-18 14:00:58.745 [restartedMain] ScaSecurityServiceApplication - The following profiles are active: local
[WARN ] 2020-08-18 14:01:05.223 [restartedMain] EndpointId - Endpoint ID 'service-registry' contains invalid characters, please migrate to a valid format.
[INFO ] 2020-08-18 14:01:06.103 [restartedMain] GenericScope - BeanFactory id=df453d55-83b6-3def-936c-2b132910303e
[INFO ] 2020-08-18 14:01:06.642 [restartedMain] PostProcessorRegistrationDelegate$BeanPostProcessorChecker - Bean 'org.springframework.transaction.annotation.ProxyTransactionManagementConfiguration' of type [org.springframework.transaction.annotation.ProxyTransactionManagementConfiguration$$EnhancerBySpringCGLIB$$c4100684] is not eligible for getting processed by all BeanPostProcessors (for example: not eligible for auto-proxying)
[INFO ] 2020-08-18 14:01:07.214 [restartedMain] PostProcessorRegistrationDelegate$BeanPostProcessorChecker - Bean 'org.springframework.cloud.autoconfigure.ConfigurationPropertiesRebinderAutoConfiguration' of type [org.springframework.cloud.autoconfigure.ConfigurationPropertiesRebinderAutoConfiguration$$EnhancerBySpringCGLIB$$e02a0981] is not eligible for getting processed by all BeanPostProcessors (for example: not eligible for auto-proxying)
[INFO ] 2020-08-18 14:01:08.902 [restartedMain] TomcatWebServer - Tomcat initialized with port(s): 8044 (http)
[INFO ] 2020-08-18 14:01:09.602 [restartedMain] ContextLoader - Root WebApplicationContext: initialization completed in 10534 ms
[INFO ] 2020-08-18 14:01:14.889 [restartedMain] LogHelper - HHH000204: Processing PersistenceUnitInfo [
	name: default
	...]
[INFO ] 2020-08-18 14:01:15.273 [restartedMain] Version - HHH000412: Hibernate Core {5.3.10.Final}
[INFO ] 2020-08-18 14:01:15.281 [restartedMain] Environment - HHH000206: hibernate.properties not found
[INFO ] 2020-08-18 14:01:16.265 [restartedMain] Version - HCANN000001: Hibernate Commons Annotations {5.0.4.Final}
[INFO ] 2020-08-18 14:01:16.802 [restartedMain] Dialect - HHH000400: Using dialect: org.hibernate.dialect.PostgreSQLDialect
[INFO ] 2020-08-18 14:01:17.301 [restartedMain] LobCreatorBuilderImpl - HHH000424: Disabling contextual LOB creation as createClob() method threw error : java.lang.reflect.InvocationTargetException
[INFO ] 2020-08-18 14:01:17.337 [restartedMain] BasicTypeRegistry - HHH000270: Type registration [java.util.UUID] overrides previous : org.hibernate.type.UUIDBinaryType@6452678b
[INFO ] 2020-08-18 14:01:28.348 [restartedMain] SchemaCreatorImpl - HHH000476: Executing import script 'org.hibernate.tool.schema.internal.exec.ScriptSourceInputNonExistentImpl@659e889e'
[INFO ] 2020-08-18 14:01:28.365 [restartedMain] LocalContainerEntityManagerFactoryBean - Initialized JPA EntityManagerFactory for persistence unit 'default'
[INFO ] 2020-08-18 14:01:28.716 [restartedMain] OptionalLiveReloadServer - LiveReload server is running on port 35729
[WARN ] 2020-08-18 14:01:32.184 [restartedMain] JpaBaseConfiguration$JpaWebConfiguration$JpaWebMvcConfiguration - spring.jpa.open-in-view is enabled by default. Therefore, database queries may be performed during view rendering. Explicitly configure spring.jpa.open-in-view to disable this warning
[INFO ] 2020-08-18 14:01:37.903 [restartedMain] QueryTranslatorFactoryInitiator - HHH000397: Using ASTQueryTranslatorFactory
[INFO ] 2020-08-18 14:01:42.793 [restartedMain] EndpointLinksResolver - Exposing 2 endpoint(s) beneath base path '/actuator'
[INFO ] 2020-08-18 14:01:43.457 [restartedMain] InstanceInfoFactory - Setting initial instance status as: STARTING
[INFO ] 2020-08-18 14:01:50.859 [restartedMain] EurekaServiceRegistry - Registering application SCA_SECURITY_SERVICE with eureka with status UP
[INFO ] 2020-08-18 14:01:51.084 [restartedMain] TomcatWebServer - Tomcat started on port(s): 8044 (http) with context path ''
[INFO ] 2020-08-18 14:01:51.087 [restartedMain] EurekaAutoServiceRegistration - Updating port to 8044
[INFO ] 2020-08-18 14:01:51.112 [restartedMain] ScaSecurityServiceApplication - Started ScaSecurityServiceApplication in 65.861 seconds (JVM running for 75.359)
[INFO ] 2020-08-18 14:02:01.971 [RMI TCP Connection(2)-127.0.0.1] SpringApplicationAdminMXBeanRegistrar$SpringApplicationAdmin - Application shutdown requested.
[INFO ] 2020-08-18 14:02:01.974 [RMI TCP Connection(2)-127.0.0.1] EurekaServiceRegistry - Unregistering application SCA_SECURITY_SERVICE with eureka with status DOWN
[INFO ] 2020-08-18 14:02:02.033 [RMI TCP Connection(2)-127.0.0.1] LocalContainerEntityManagerFactoryBean - Closing JPA EntityManagerFactory for persistence unit 'default'
